<?xml version="1.0" encoding="UTF-8"?>
<coverage generated="1761379596478" clover="3.2.0">
  <project timestamp="1761379596478" name="All files">
    <metrics statements="22" coveredstatements="22" conditionals="10" coveredconditionals="10" methods="12" coveredmethods="12" elements="44" coveredelements="44" complexity="0" loc="22" ncloc="22" packages="2" files="2" classes="2"/>
    <package name="services">
      <metrics statements="20" coveredstatements="20" conditionals="9" coveredconditionals="9" methods="11" coveredmethods="11"/>
      <file name="ingredientDatabase.ts" path="/Users/craigstroberg/myworkspace/gluten-free/gluten-free-substitutions/src/services/ingredientDatabase.ts">
        <metrics statements="20" coveredstatements="20" conditionals="9" coveredconditionals="9" methods="11" coveredmethods="11"/>
        <line num="4" count="1" type="stmt"/>
        <line num="208" count="1" type="stmt"/>
        <line num="209" count="8" type="stmt"/>
        <line num="212" count="8" type="stmt"/>
        <line num="216" count="3" type="stmt"/>
        <line num="217" count="3" type="stmt"/>
        <line num="219" count="12" type="cond" truecount="3" falsecount="0"/>
        <line num="222" count="29" type="cond" truecount="2" falsecount="0"/>
        <line num="227" count="3" type="cond" truecount="1" falsecount="0"/>
        <line num="229" count="8" type="stmt"/>
        <line num="243" count="2" type="stmt"/>
        <line num="244" count="2" type="stmt"/>
        <line num="247" count="2" type="stmt"/>
        <line num="248" count="20" type="cond" truecount="1" falsecount="0"/>
        <line num="249" count="3" type="stmt"/>
        <line num="250" count="7" type="stmt"/>
        <line num="262" count="2" type="stmt"/>
        <line num="266" count="1" type="stmt"/>
        <line num="270" count="2" type="cond" truecount="2" falsecount="0"/>
        <line num="274" count="3" type="stmt"/>
      </file>
    </package>
    <package name="utils">
      <metrics statements="2" coveredstatements="2" conditionals="1" coveredconditionals="1" methods="1" coveredmethods="1"/>
      <file name="idGenerator.ts" path="/Users/craigstroberg/myworkspace/gluten-free/gluten-free-substitutions/src/utils/idGenerator.ts">
        <metrics statements="2" coveredstatements="2" conditionals="1" coveredconditionals="1" methods="1" coveredmethods="1"/>
        <line num="1" count="1" type="cond" truecount="1" falsecount="0"/>
        <line num="2" count="5" type="stmt"/>
      </file>
    </package>
  </project>
</coverage>
