{
  "/Users/craigstroberg/myworkspace/gluten-free/gluten-free-substitutions/src/services/ingredientDatabase.ts": {
    "path": "/Users/craigstroberg/myworkspace/gluten-free/gluten-free-substitutions/src/services/ingredientDatabase.ts",
    "statementMap": {
      "0": {
        "start": { "line": 4, "column": 24 },
        "end": { "line": 206, "column": 2 }
      },
      "1": {
        "start": { "line": 209, "column": 10 },
        "end": { "line": 209, "column": null }
      },
      "2": {
        "start": { "line": 212, "column": 4 },
        "end": { "line": 212, "column": 32 }
      },
      "3": {
        "start": { "line": 216, "column": 23 },
        "end": { "line": 216, "column": 59 }
      },
      "4": {
        "start": { "line": 217, "column": 29 },
        "end": { "line": 224, "column": null }
      },
      "5": {
        "start": { "line": 219, "column": 8 },
        "end": { "line": 223, "column": null }
      },
      "6": {
        "start": { "line": 222, "column": 10 },
        "end": { "line": 223, "column": 50 }
      },
      "7": {
        "start": { "line": 227, "column": 4 },
        "end": { "line": 227, "column": 37 }
      },
      "8": {
        "start": { "line": 227, "column": 27 },
        "end": { "line": 227, "column": 37 }
      },
      "9": {
        "start": { "line": 229, "column": 4 },
        "end": { "line": 239, "column": 8 }
      },
      "10": {
        "start": { "line": 229, "column": 56 },
        "end": { "line": 239, "column": 6 }
      },
      "11": {
        "start": { "line": 243, "column": 28 },
        "end": { "line": 243, "column": 47 }
      },
      "12": {
        "start": { "line": 244, "column": 44 },
        "end": { "line": 244, "column": 46 }
      },
      "13": {
        "start": { "line": 247, "column": 4 },
        "end": { "line": 260, "column": 7 }
      },
      "14": {
        "start": { "line": 248, "column": 6 },
        "end": { "line": 259, "column": 7 }
      },
      "15": {
        "start": { "line": 249, "column": 8 },
        "end": { "line": 258, "column": 11 }
      },
      "16": {
        "start": { "line": 250, "column": 10 },
        "end": { "line": 257, "column": 13 }
      },
      "17": {
        "start": { "line": 262, "column": 4 },
        "end": { "line": 262, "column": 19 }
      },
      "18": {
        "start": { "line": 266, "column": 4 },
        "end": { "line": 266, "column": 45 }
      },
      "19": {
        "start": { "line": 270, "column": 4 },
        "end": { "line": 270, "column": 78 }
      },
      "20": {
        "start": { "line": 274, "column": 4 },
        "end": { "line": 278, "column": 14 }
      },
      "21": {
        "start": { "line": 208, "column": 0 },
        "end": { "line": 208, "column": 13 }
      }
    },
    "fnMap": {
      "0": {
        "name": "(anonymous_0)",
        "decl": {
          "start": { "line": 211, "column": 2 },
          "end": { "line": 211, "column": null }
        },
        "loc": {
          "start": { "line": 211, "column": 2 },
          "end": { "line": 213, "column": 3 }
        }
      },
      "1": {
        "name": "(anonymous_1)",
        "decl": {
          "start": { "line": 215, "column": 2 },
          "end": { "line": 215, "column": 18 }
        },
        "loc": {
          "start": { "line": 215, "column": 37 },
          "end": { "line": 240, "column": 3 }
        }
      },
      "2": {
        "name": "(anonymous_2)",
        "decl": {
          "start": { "line": 218, "column": 6 },
          "end": { "line": 218, "column": 7 }
        },
        "loc": {
          "start": { "line": 219, "column": 8 },
          "end": { "line": 223, "column": null }
        }
      },
      "3": {
        "name": "(anonymous_3)",
        "decl": {
          "start": { "line": 221, "column": 27 },
          "end": { "line": 221, "column": 28 }
        },
        "loc": {
          "start": { "line": 222, "column": 10 },
          "end": { "line": 223, "column": 50 }
        }
      },
      "4": {
        "name": "(anonymous_4)",
        "decl": {
          "start": { "line": 229, "column": 46 },
          "end": { "line": 229, "column": 47 }
        },
        "loc": {
          "start": { "line": 229, "column": 56 },
          "end": { "line": 239, "column": 6 }
        }
      },
      "5": {
        "name": "(anonymous_5)",
        "decl": {
          "start": { "line": 242, "column": 2 },
          "end": { "line": 242, "column": 19 }
        },
        "loc": {
          "start": { "line": 242, "column": 33 },
          "end": { "line": 263, "column": 3 }
        }
      },
      "6": {
        "name": "(anonymous_6)",
        "decl": {
          "start": { "line": 247, "column": 40 },
          "end": { "line": 247, "column": 41 }
        },
        "loc": {
          "start": { "line": 247, "column": 49 },
          "end": { "line": 260, "column": 5 }
        }
      },
      "7": {
        "name": "(anonymous_7)",
        "decl": {
          "start": { "line": 249, "column": 35 },
          "end": { "line": 249, "column": 36 }
        },
        "loc": {
          "start": { "line": 249, "column": 43 },
          "end": { "line": 258, "column": 9 }
        }
      },
      "8": {
        "name": "(anonymous_8)",
        "decl": {
          "start": { "line": 265, "column": 2 },
          "end": { "line": 265, "column": 18 }
        },
        "loc": {
          "start": { "line": 265, "column": 18 },
          "end": { "line": 267, "column": 3 }
        }
      },
      "9": {
        "name": "(anonymous_9)",
        "decl": {
          "start": { "line": 269, "column": 2 },
          "end": { "line": 269, "column": 26 }
        },
        "loc": {
          "start": { "line": 269, "column": 43 },
          "end": { "line": 271, "column": 3 }
        }
      },
      "10": {
        "name": "(anonymous_10)",
        "decl": {
          "start": { "line": 273, "column": 10 },
          "end": { "line": 273, "column": 29 }
        },
        "loc": {
          "start": { "line": 273, "column": 42 },
          "end": { "line": 279, "column": 3 }
        }
      }
    },
    "branchMap": {
      "0": {
        "loc": {
          "start": { "line": 219, "column": 8 },
          "end": { "line": 223, "column": null }
        },
        "type": "binary-expr",
        "locations": [
          {
            "start": { "line": 219, "column": 8 },
            "end": { "line": 219, "column": 46 }
          },
          {
            "start": { "line": 220, "column": 8 },
            "end": { "line": 220, "column": 52 }
          },
          {
            "start": { "line": 221, "column": 8 },
            "end": { "line": 223, "column": null }
          }
        ]
      },
      "1": {
        "loc": {
          "start": { "line": 222, "column": 10 },
          "end": { "line": 223, "column": 50 }
        },
        "type": "binary-expr",
        "locations": [
          {
            "start": { "line": 222, "column": 10 },
            "end": { "line": 222, "column": 44 }
          },
          {
            "start": { "line": 223, "column": 10 },
            "end": { "line": 223, "column": 50 }
          }
        ]
      },
      "2": {
        "loc": {
          "start": { "line": 227, "column": 4 },
          "end": { "line": 227, "column": 37 }
        },
        "type": "if",
        "locations": [
          {
            "start": { "line": 227, "column": 4 },
            "end": { "line": 227, "column": 37 }
          }
        ]
      },
      "3": {
        "loc": {
          "start": { "line": 248, "column": 6 },
          "end": { "line": 259, "column": 7 }
        },
        "type": "if",
        "locations": [
          {
            "start": { "line": 248, "column": 6 },
            "end": { "line": 259, "column": 7 }
          }
        ]
      },
      "4": {
        "loc": {
          "start": { "line": 270, "column": 12 },
          "end": { "line": 270, "column": 77 }
        },
        "type": "binary-expr",
        "locations": [
          {
            "start": { "line": 270, "column": 12 },
            "end": { "line": 270, "column": 71 }
          },
          {
            "start": { "line": 270, "column": 75 },
            "end": { "line": 270, "column": 77 }
          }
        ]
      }
    },
    "s": {
      "0": 1,
      "1": 8,
      "2": 8,
      "3": 3,
      "4": 3,
      "5": 12,
      "6": 29,
      "7": 3,
      "8": 1,
      "9": 2,
      "10": 8,
      "11": 2,
      "12": 2,
      "13": 2,
      "14": 20,
      "15": 3,
      "16": 7,
      "17": 2,
      "18": 1,
      "19": 2,
      "20": 3,
      "21": 1
    },
    "f": {
      "0": 8,
      "1": 3,
      "2": 12,
      "3": 29,
      "4": 8,
      "5": 2,
      "6": 20,
      "7": 7,
      "8": 1,
      "9": 2,
      "10": 3
    },
    "b": { "0": [12, 12, 11], "1": [29, 28], "2": [1], "3": [3], "4": [2, 1] }
  },
  "/Users/craigstroberg/myworkspace/gluten-free/gluten-free-substitutions/src/utils/idGenerator.ts": {
    "path": "/Users/craigstroberg/myworkspace/gluten-free/gluten-free-substitutions/src/utils/idGenerator.ts",
    "statementMap": {
      "0": {
        "start": { "line": 1, "column": 26 },
        "end": { "line": 3, "column": 1 }
      },
      "1": {
        "start": { "line": 2, "column": 2 },
        "end": { "line": 2, "column": 74 }
      },
      "2": {
        "start": { "line": 1, "column": 13 },
        "end": { "line": 1, "column": 26 }
      }
    },
    "fnMap": {
      "0": {
        "name": "(anonymous_0)",
        "decl": {
          "start": { "line": 1, "column": 26 },
          "end": { "line": 1, "column": 27 }
        },
        "loc": {
          "start": { "line": 1, "column": 60 },
          "end": { "line": 3, "column": 1 }
        }
      }
    },
    "branchMap": {
      "0": {
        "loc": {
          "start": { "line": 1, "column": 27 },
          "end": { "line": 1, "column": 48 }
        },
        "type": "default-arg",
        "locations": [
          {
            "start": { "line": 1, "column": 44 },
            "end": { "line": 1, "column": 48 }
          }
        ]
      }
    },
    "s": { "0": 1, "1": 5, "2": 1 },
    "f": { "0": 5 },
    "b": { "0": [1] }
  }
}
