{"/Users/craigstroberg/myworkspace/gluten-free/gluten-free-substitutions/src/App.tsx": {"path":"/Users/craigstroberg/myworkspace/gluten-free/gluten-free-substitutions/src/App.tsx","statementMap":{"0":{"start":{"line":1,"column":0},"end":{"line":1,"column":46}},"1":{"start":{"line":2,"column":0},"end":{"line":2,"column":74}},"2":{"start":{"line":3,"column":0},"end":{"line":3,"column":58}},"3":{"start":{"line":4,"column":0},"end":{"line":4,"column":66}},"4":{"start":{"line":5,"column":0},"end":{"line":5,"column":50}},"5":{"start":{"line":6,"column":0},"end":{"line":6,"column":52}},"6":{"start":{"line":7,"column":0},"end":{"line":7,"column":52}},"7":{"start":{"line":8,"column":0},"end":{"line":8,"column":64}},"8":{"start":{"line":9,"column":0},"end":{"line":9,"column":59}},"9":{"start":{"line":12,"column":17},"end":{"line":12,"column":102}},"10":{"start":{"line":12,"column":28},"end":{"line":12,"column":101}},"11":{"start":{"line":12,"column":28},"end":{"line":12,"column":55}},"12":{"start":{"line":12,"column":71},"end":{"line":12,"column":99}},"13":{"start":{"line":13,"column":24},"end":{"line":13,"column":123}},"14":{"start":{"line":13,"column":35},"end":{"line":13,"column":122}},"15":{"start":{"line":13,"column":35},"end":{"line":13,"column":69}},"16":{"start":{"line":13,"column":85},"end":{"line":13,"column":120}},"17":{"start":{"line":14,"column":27},"end":{"line":14,"column":132}},"18":{"start":{"line":14,"column":38},"end":{"line":14,"column":131}},"19":{"start":{"line":14,"column":38},"end":{"line":14,"column":75}},"20":{"start":{"line":14,"column":91},"end":{"line":14,"column":129}},"21":{"start":{"line":15,"column":20},"end":{"line":15,"column":111}},"22":{"start":{"line":15,"column":31},"end":{"line":15,"column":110}},"23":{"start":{"line":15,"column":31},"end":{"line":15,"column":61}},"24":{"start":{"line":15,"column":77},"end":{"line":15,"column":108}},"25":{"start":{"line":16,"column":14},"end":{"line":16,"column":93}},"26":{"start":{"line":16,"column":25},"end":{"line":16,"column":92}},"27":{"start":{"line":16,"column":25},"end":{"line":16,"column":49}},"28":{"start":{"line":16,"column":65},"end":{"line":16,"column":90}},"29":{"start":{"line":18,"column":22},"end":{"line":53,"column":1}},"30":{"start":{"line":19,"column":2},"end":{"line":52,"column":4}},"31":{"start":{"line":55,"column":0},"end":{"line":55,"column":19}}},"fnMap":{"0":{"name":"(anonymous_0)","decl":{"start":{"line":12,"column":22},"end":{"line":12,"column":25}},"loc":{"start":{"line":12,"column":28},"end":{"line":12,"column":101}}},"1":{"name":"(anonymous_1)","decl":{"start":{"line":12,"column":28},"end":{"line":12,"column":35}},"loc":{"start":{"line":12,"column":28},"end":{"line":12,"column":55}}},"2":{"name":"(anonymous_2)","decl":{"start":{"line":12,"column":60},"end":{"line":12,"column":66}},"loc":{"start":{"line":12,"column":71},"end":{"line":12,"column":99}}},"3":{"name":"(anonymous_3)","decl":{"start":{"line":13,"column":29},"end":{"line":13,"column":32}},"loc":{"start":{"line":13,"column":35},"end":{"line":13,"column":122}}},"4":{"name":"(anonymous_4)","decl":{"start":{"line":13,"column":35},"end":{"line":13,"column":42}},"loc":{"start":{"line":13,"column":35},"end":{"line":13,"column":69}}},"5":{"name":"(anonymous_5)","decl":{"start":{"line":13,"column":74},"end":{"line":13,"column":80}},"loc":{"start":{"line":13,"column":85},"end":{"line":13,"column":120}}},"6":{"name":"(anonymous_6)","decl":{"start":{"line":14,"column":32},"end":{"line":14,"column":35}},"loc":{"start":{"line":14,"column":38},"end":{"line":14,"column":131}}},"7":{"name":"(anonymous_7)","decl":{"start":{"line":14,"column":38},"end":{"line":14,"column":45}},"loc":{"start":{"line":14,"column":38},"end":{"line":14,"column":75}}},"8":{"name":"(anonymous_8)","decl":{"start":{"line":14,"column":80},"end":{"line":14,"column":86}},"loc":{"start":{"line":14,"column":91},"end":{"line":14,"column":129}}},"9":{"name":"(anonymous_9)","decl":{"start":{"line":15,"column":25},"end":{"line":15,"column":28}},"loc":{"start":{"line":15,"column":31},"end":{"line":15,"column":110}}},"10":{"name":"(anonymous_10)","decl":{"start":{"line":15,"column":31},"end":{"line":15,"column":38}},"loc":{"start":{"line":15,"column":31},"end":{"line":15,"column":61}}},"11":{"name":"(anonymous_11)","decl":{"start":{"line":15,"column":66},"end":{"line":15,"column":72}},"loc":{"start":{"line":15,"column":77},"end":{"line":15,"column":108}}},"12":{"name":"(anonymous_12)","decl":{"start":{"line":16,"column":19},"end":{"line":16,"column":22}},"loc":{"start":{"line":16,"column":25},"end":{"line":16,"column":92}}},"13":{"name":"(anonymous_13)","decl":{"start":{"line":16,"column":25},"end":{"line":16,"column":32}},"loc":{"start":{"line":16,"column":25},"end":{"line":16,"column":49}}},"14":{"name":"(anonymous_14)","decl":{"start":{"line":16,"column":54},"end":{"line":16,"column":60}},"loc":{"start":{"line":16,"column":65},"end":{"line":16,"column":90}}},"15":{"name":"(anonymous_15)","decl":{"start":{"line":18,"column":22},"end":{"line":18,"column":25}},"loc":{"start":{"line":18,"column":27},"end":{"line":53,"column":1}}}},"branchMap":{},"s":{"0":0,"1":0,"2":0,"3":0,"4":0,"5":0,"6":0,"7":0,"8":0,"9":0,"10":0,"11":0,"12":0,"13":0,"14":0,"15":0,"16":0,"17":0,"18":0,"19":0,"20":0,"21":0,"22":0,"23":0,"24":0,"25":0,"26":0,"27":0,"28":0,"29":0,"30":0,"31":0},"f":{"0":0,"1":0,"2":0,"3":0,"4":0,"5":0,"6":0,"7":0,"8":0,"9":0,"10":0,"11":0,"12":0,"13":0,"14":0,"15":0},"b":{}}
,"/Users/craigstroberg/myworkspace/gluten-free/gluten-free-substitutions/src/components/ErrorBoundary.tsx": {"path":"/Users/craigstroberg/myworkspace/gluten-free/gluten-free-substitutions/src/components/ErrorBoundary.tsx","statementMap":{"0":{"start":{"line":1,"column":0},"end":{"line":1,"column":56}},"1":{"start":{"line":14,"column":9},"end":{"line":16,"column":null}},"2":{"start":{"line":19,"column":4},"end":{"line":19,"column":37}},"3":{"start":{"line":23,"column":4},"end":{"line":23,"column":70}},"4":{"start":{"line":27,"column":4},"end":{"line":63,"column":5}},"5":{"start":{"line":28,"column":6},"end":{"line":30,"column":7}},"6":{"start":{"line":29,"column":8},"end":{"line":29,"column":35}},"7":{"start":{"line":32,"column":6},"end":{"line":62,"column":8}},"8":{"start":{"line":54,"column":31},"end":{"line":54,"column":55}},"9":{"start":{"line":65,"column":4},"end":{"line":65,"column":31}},"10":{"start":{"line":13,"column":0},"end":{"line":13,"column":13}}},"fnMap":{"0":{"name":"(anonymous_0)","decl":{"start":{"line":13,"column":0},"end":{"line":13,"column":13}},"loc":{"start":{"line":13,"column":0},"end":{"line":67,"column":1}}},"1":{"name":"(anonymous_1)","decl":{"start":{"line":18,"column":9},"end":{"line":18,"column":15}},"loc":{"start":{"line":18,"column":53},"end":{"line":20,"column":3}}},"2":{"name":"(anonymous_2)","decl":{"start":{"line":22,"column":9},"end":{"line":22,"column":26}},"loc":{"start":{"line":22,"column":61},"end":{"line":24,"column":3}}},"3":{"name":"(anonymous_3)","decl":{"start":{"line":26,"column":9},"end":{"line":26,"column":15}},"loc":{"start":{"line":26,"column":15},"end":{"line":66,"column":3}}},"4":{"name":"(anonymous_4)","decl":{"start":{"line":54,"column":25},"end":{"line":54,"column":28}},"loc":{"start":{"line":54,"column":31},"end":{"line":54,"column":55}}}},"branchMap":{"0":{"loc":{"start":{"line":27,"column":4},"end":{"line":63,"column":5}},"type":"if","locations":[{"start":{"line":27,"column":4},"end":{"line":63,"column":5}}]},"1":{"loc":{"start":{"line":28,"column":6},"end":{"line":30,"column":7}},"type":"if","locations":[{"start":{"line":28,"column":6},"end":{"line":30,"column":7}}]}},"s":{"0":0,"1":0,"2":0,"3":0,"4":0,"5":0,"6":0,"7":0,"8":0,"9":0,"10":0},"f":{"0":0,"1":0,"2":0,"3":0,"4":0},"b":{"0":[0],"1":[0]}}
,"/Users/craigstroberg/myworkspace/gluten-free/gluten-free-substitutions/src/components/layout/Footer.tsx": {"path":"/Users/craigstroberg/myworkspace/gluten-free/gluten-free-substitutions/src/components/layout/Footer.tsx","statementMap":{"0":{"start":{"line":1,"column":0},"end":{"line":1,"column":26}},"1":{"start":{"line":2,"column":0},"end":{"line":2,"column":40}},"2":{"start":{"line":4,"column":32},"end":{"line":97,"column":1}},"3":{"start":{"line":5,"column":2},"end":{"line":96,"column":4}},"4":{"start":{"line":4,"column":13},"end":{"line":4,"column":32}}},"fnMap":{"0":{"name":"(anonymous_0)","decl":{"start":{"line":4,"column":32},"end":{"line":4,"column":35}},"loc":{"start":{"line":4,"column":37},"end":{"line":97,"column":1}}}},"branchMap":{},"s":{"0":0,"1":0,"2":0,"3":0,"4":0},"f":{"0":0},"b":{}}
,"/Users/craigstroberg/myworkspace/gluten-free/gluten-free-substitutions/src/components/layout/Header.tsx": {"path":"/Users/craigstroberg/myworkspace/gluten-free/gluten-free-substitutions/src/components/layout/Header.tsx","statementMap":{"0":{"start":{"line":1,"column":0},"end":{"line":1,"column":26}},"1":{"start":{"line":2,"column":0},"end":{"line":2,"column":53}},"2":{"start":{"line":3,"column":0},"end":{"line":3,"column":38}},"3":{"start":{"line":4,"column":0},"end":{"line":4,"column":39}},"4":{"start":{"line":5,"column":0},"end":{"line":5,"column":33}},"5":{"start":{"line":7,"column":32},"end":{"line":90,"column":1}},"6":{"start":{"line":8,"column":38},"end":{"line":8,"column":53}},"7":{"start":{"line":9,"column":19},"end":{"line":9,"column":32}},"8":{"start":{"line":11,"column":21},"end":{"line":17,"column":4}},"9":{"start":{"line":19,"column":19},"end":{"line":21,"column":3}},"10":{"start":{"line":20,"column":4},"end":{"line":20,"column":38}},"11":{"start":{"line":23,"column":2},"end":{"line":89,"column":4}},"12":{"start":{"line":40,"column":14},"end":{"line":41,"column":null}},"13":{"start":{"line":59,"column":29},"end":{"line":59,"column":55}},"14":{"start":{"line":71,"column":16},"end":{"line":72,"column":null}},"15":{"start":{"line":79,"column":33},"end":{"line":79,"column":53}},"16":{"start":{"line":7,"column":13},"end":{"line":7,"column":32}}},"fnMap":{"0":{"name":"(anonymous_0)","decl":{"start":{"line":7,"column":32},"end":{"line":7,"column":35}},"loc":{"start":{"line":7,"column":37},"end":{"line":90,"column":1}}},"1":{"name":"(anonymous_1)","decl":{"start":{"line":19,"column":19},"end":{"line":19,"column":20}},"loc":{"start":{"line":19,"column":36},"end":{"line":21,"column":3}}},"2":{"name":"(anonymous_2)","decl":{"start":{"line":39,"column":28},"end":{"line":39,"column":29}},"loc":{"start":{"line":40,"column":14},"end":{"line":41,"column":null}}},"3":{"name":"(anonymous_3)","decl":{"start":{"line":59,"column":23},"end":{"line":59,"column":26}},"loc":{"start":{"line":59,"column":29},"end":{"line":59,"column":55}}},"4":{"name":"(anonymous_4)","decl":{"start":{"line":70,"column":30},"end":{"line":70,"column":31}},"loc":{"start":{"line":71,"column":16},"end":{"line":72,"column":null}}},"5":{"name":"(anonymous_5)","decl":{"start":{"line":79,"column":27},"end":{"line":79,"column":30}},"loc":{"start":{"line":79,"column":33},"end":{"line":79,"column":53}}}},"branchMap":{"0":{"loc":{"start":{"line":44,"column":18},"end":{"line":46,"column":null}},"type":"cond-expr","locations":[{"start":{"line":45,"column":22},"end":{"line":45,"column":54}},{"start":{"line":46,"column":22},"end":{"line":46,"column":null}}]},"1":{"loc":{"start":{"line":61,"column":15},"end":{"line":61,"column":64}},"type":"cond-expr","locations":[{"start":{"line":61,"column":28},"end":{"line":61,"column":43}},{"start":{"line":61,"column":46},"end":{"line":61,"column":64}}]},"2":{"loc":{"start":{"line":67,"column":9},"end":{"line":85,"column":null}},"type":"binary-expr","locations":[{"start":{"line":67,"column":9},"end":{"line":67,"column":19}},{"start":{"line":68,"column":10},"end":{"line":84,"column":null}}]},"3":{"loc":{"start":{"line":75,"column":20},"end":{"line":77,"column":null}},"type":"cond-expr","locations":[{"start":{"line":76,"column":24},"end":{"line":76,"column":56}},{"start":{"line":77,"column":24},"end":{"line":77,"column":null}}]}},"s":{"0":0,"1":0,"2":0,"3":0,"4":0,"5":0,"6":0,"7":0,"8":0,"9":0,"10":0,"11":0,"12":0,"13":0,"14":0,"15":0,"16":0},"f":{"0":0,"1":0,"2":0,"3":0,"4":0,"5":0},"b":{"0":[0,0],"1":[0,0],"2":[0,0],"3":[0,0]}}
,"/Users/craigstroberg/myworkspace/gluten-free/gluten-free-substitutions/src/components/recipe/AnalysisResults.tsx": {"path":"/Users/craigstroberg/myworkspace/gluten-free/gluten-free-substitutions/src/components/recipe/AnalysisResults.tsx","statementMap":{"0":{"start":{"line":1,"column":0},"end":{"line":1,"column":36}},"1":{"start":{"line":3,"column":0},"end":{"line":3,"column":38}},"2":{"start":{"line":4,"column":0},"end":{"line":4,"column":54}},"3":{"start":{"line":13,"column":13},"end":{"line":89,"column":3}},"4":{"start":{"line":19,"column":2},"end":{"line":30,"column":3}},"5":{"start":{"line":20,"column":4},"end":{"line":29,"column":6}},"6":{"start":{"line":32,"column":2},"end":{"line":88,"column":4}},"7":{"start":{"line":40,"column":12},"end":{"line":40,"column":28}},"8":{"start":{"line":54,"column":10},"end":{"line":55,"column":null}},"9":{"start":{"line":63,"column":25},"end":{"line":63,"column":62}},"10":{"start":{"line":69,"column":25},"end":{"line":69,"column":72}},"11":{"start":{"line":75,"column":25},"end":{"line":75,"column":71}},"12":{"start":{"line":81,"column":25},"end":{"line":81,"column":62}}},"fnMap":{"0":{"name":"(anonymous_0)","decl":{"start":{"line":13,"column":68},"end":{"line":13,"column":69}},"loc":{"start":{"line":18,"column":5},"end":{"line":89,"column":1}}},"1":{"name":"(anonymous_1)","decl":{"start":{"line":39,"column":42},"end":{"line":39,"column":43}},"loc":{"start":{"line":40,"column":12},"end":{"line":40,"column":28}}},"2":{"name":"(anonymous_2)","decl":{"start":{"line":53,"column":36},"end":{"line":53,"column":37}},"loc":{"start":{"line":54,"column":10},"end":{"line":55,"column":null}}},"3":{"name":"(anonymous_3)","decl":{"start":{"line":63,"column":19},"end":{"line":63,"column":22}},"loc":{"start":{"line":63,"column":25},"end":{"line":63,"column":62}}},"4":{"name":"(anonymous_4)","decl":{"start":{"line":69,"column":19},"end":{"line":69,"column":22}},"loc":{"start":{"line":69,"column":25},"end":{"line":69,"column":72}}},"5":{"name":"(anonymous_5)","decl":{"start":{"line":75,"column":19},"end":{"line":75,"column":22}},"loc":{"start":{"line":75,"column":25},"end":{"line":75,"column":71}}},"6":{"name":"(anonymous_6)","decl":{"start":{"line":81,"column":19},"end":{"line":81,"column":22}},"loc":{"start":{"line":81,"column":25},"end":{"line":81,"column":62}}}},"branchMap":{"0":{"loc":{"start":{"line":19,"column":2},"end":{"line":30,"column":3}},"type":"if","locations":[{"start":{"line":19,"column":2},"end":{"line":30,"column":3}}]}},"s":{"0":2,"1":2,"2":2,"3":2,"4":0,"5":0,"6":0,"7":0,"8":0,"9":0,"10":0,"11":0,"12":0},"f":{"0":0,"1":0,"2":0,"3":0,"4":0,"5":0,"6":0},"b":{"0":[0]}}
,"/Users/craigstroberg/myworkspace/gluten-free/gluten-free-substitutions/src/components/recipe/RecipeInput.tsx": {"path":"/Users/craigstroberg/myworkspace/gluten-free/gluten-free-substitutions/src/components/recipe/RecipeInput.tsx","statementMap":{"0":{"start":{"line":1,"column":0},"end":{"line":1,"column":40}},"1":{"start":{"line":2,"column":0},"end":{"line":2,"column":42}},"2":{"start":{"line":3,"column":0},"end":{"line":3,"column":38}},"3":{"start":{"line":4,"column":0},"end":{"line":4,"column":54}},"4":{"start":{"line":13,"column":55},"end":{"line":69,"column":1}},"5":{"start":{"line":19,"column":26},"end":{"line":19,"column":38}},"6":{"start":{"line":20,"column":28},"end":{"line":20,"column":57}},"7":{"start":{"line":22,"column":23},"end":{"line":34,"column":3}},"8":{"start":{"line":23,"column":4},"end":{"line":23,"column":23}},"9":{"start":{"line":24,"column":4},"end":{"line":27,"column":5}},"10":{"start":{"line":25,"column":6},"end":{"line":25,"column":40}},"11":{"start":{"line":26,"column":6},"end":{"line":26,"column":13}},"12":{"start":{"line":28,"column":4},"end":{"line":31,"column":5}},"13":{"start":{"line":29,"column":6},"end":{"line":29,"column":64}},"14":{"start":{"line":30,"column":6},"end":{"line":30,"column":13}},"15":{"start":{"line":32,"column":4},"end":{"line":32,"column":19}},"16":{"start":{"line":33,"column":4},"end":{"line":33,"column":20}},"17":{"start":{"line":36,"column":2},"end":{"line":68,"column":4}},"18":{"start":{"line":40,"column":25},"end":{"line":40,"column":48}},"19":{"start":{"line":13,"column":13},"end":{"line":13,"column":55}}},"fnMap":{"0":{"name":"(anonymous_0)","decl":{"start":{"line":13,"column":55},"end":{"line":13,"column":56}},"loc":{"start":{"line":18,"column":5},"end":{"line":69,"column":1}}},"1":{"name":"(anonymous_1)","decl":{"start":{"line":22,"column":23},"end":{"line":22,"column":24}},"loc":{"start":{"line":22,"column":46},"end":{"line":34,"column":3}}},"2":{"name":"(anonymous_2)","decl":{"start":{"line":40,"column":18},"end":{"line":40,"column":19}},"loc":{"start":{"line":40,"column":25},"end":{"line":40,"column":48}}}},"branchMap":{"0":{"loc":{"start":{"line":16,"column":2},"end":{"line":16,"column":43}},"type":"default-arg","locations":[{"start":{"line":16,"column":16},"end":{"line":16,"column":43}}]},"1":{"loc":{"start":{"line":17,"column":2},"end":{"line":17,"column":19}},"type":"default-arg","locations":[{"start":{"line":17,"column":14},"end":{"line":17,"column":19}}]},"2":{"loc":{"start":{"line":24,"column":4},"end":{"line":27,"column":5}},"type":"if","locations":[{"start":{"line":24,"column":4},"end":{"line":27,"column":5}}]},"3":{"loc":{"start":{"line":28,"column":4},"end":{"line":31,"column":5}},"type":"if","locations":[{"start":{"line":28,"column":4},"end":{"line":31,"column":5}}]},"4":{"loc":{"start":{"line":45,"column":15},"end":{"line":45,"column":33}},"type":"binary-expr","locations":[{"start":{"line":45,"column":15},"end":{"line":45,"column":20}},{"start":{"line":45,"column":24},"end":{"line":45,"column":33}}]},"5":{"loc":{"start":{"line":54,"column":20},"end":{"line":54,"column":45}},"type":"binary-expr","locations":[{"start":{"line":54,"column":20},"end":{"line":54,"column":29}},{"start":{"line":54,"column":33},"end":{"line":54,"column":45}}]},"6":{"loc":{"start":{"line":57,"column":11},"end":{"line":63,"column":null}},"type":"cond-expr","locations":[{"start":{"line":58,"column":12},"end":{"line":59,"column":null}},{"start":{"line":63,"column":12},"end":{"line":63,"column":28}}]}},"s":{"0":2,"1":2,"2":2,"3":2,"4":2,"5":0,"6":0,"7":0,"8":0,"9":0,"10":0,"11":0,"12":0,"13":0,"14":0,"15":0,"16":0,"17":0,"18":0,"19":2},"f":{"0":0,"1":0,"2":0},"b":{"0":[0],"1":[0],"2":[0],"3":[0],"4":[0,0],"5":[0,0],"6":[0,0]}}
,"/Users/craigstroberg/myworkspace/gluten-free/gluten-free-substitutions/src/components/recipe/StructuredRecipeInput.tsx": {"path":"/Users/craigstroberg/myworkspace/gluten-free/gluten-free-substitutions/src/components/recipe/StructuredRecipeInput.tsx","statementMap":{"0":{"start":{"line":1,"column":0},"end":{"line":1,"column":40}},"1":{"start":{"line":2,"column":0},"end":{"line":2,"column":38}},"2":{"start":{"line":3,"column":0},"end":{"line":3,"column":36}},"3":{"start":{"line":4,"column":0},"end":{"line":4,"column":42}},"4":{"start":{"line":18,"column":75},"end":{"line":183,"column":1}},"5":{"start":{"line":22,"column":28},"end":{"line":22,"column":40}},"6":{"start":{"line":23,"column":40},"end":{"line":25,"column":4}},"7":{"start":{"line":26,"column":42},"end":{"line":26,"column":54}},"8":{"start":{"line":28,"column":24},"end":{"line":36,"column":3}},"9":{"start":{"line":29,"column":38},"end":{"line":34,"column":6}},"10":{"start":{"line":35,"column":4},"end":{"line":35,"column":52}},"11":{"start":{"line":38,"column":27},"end":{"line":42,"column":3}},"12":{"start":{"line":39,"column":4},"end":{"line":41,"column":5}},"13":{"start":{"line":40,"column":6},"end":{"line":40,"column":63}},"14":{"start":{"line":40,"column":47},"end":{"line":40,"column":60}},"15":{"start":{"line":44,"column":27},"end":{"line":48,"column":3}},"16":{"start":{"line":45,"column":4},"end":{"line":47,"column":7}},"17":{"start":{"line":46,"column":6},"end":{"line":46,"column":54}},"18":{"start":{"line":50,"column":23},"end":{"line":83,"column":3}},"19":{"start":{"line":51,"column":4},"end":{"line":51,"column":23}},"20":{"start":{"line":54,"column":29},"end":{"line":55,"column":null}},"21":{"start":{"line":55,"column":6},"end":{"line":55,"column":42}},"22":{"start":{"line":58,"column":4},"end":{"line":61,"column":5}},"23":{"start":{"line":59,"column":6},"end":{"line":59,"column":50}},"24":{"start":{"line":60,"column":6},"end":{"line":60,"column":13}},"25":{"start":{"line":63,"column":4},"end":{"line":66,"column":5}},"26":{"start":{"line":64,"column":6},"end":{"line":64,"column":43}},"27":{"start":{"line":65,"column":6},"end":{"line":65,"column":13}},"28":{"start":{"line":68,"column":4},"end":{"line":71,"column":5}},"29":{"start":{"line":69,"column":6},"end":{"line":69,"column":49}},"30":{"start":{"line":70,"column":6},"end":{"line":70,"column":13}},"31":{"start":{"line":73,"column":30},"end":{"line":76,"column":52}},"32":{"start":{"line":75,"column":26},"end":{"line":75,"column":44}},"33":{"start":{"line":76,"column":29},"end":{"line":76,"column":51}},"34":{"start":{"line":78,"column":4},"end":{"line":82,"column":7}},"35":{"start":{"line":85,"column":2},"end":{"line":182,"column":4}},"36":{"start":{"line":99,"column":29},"end":{"line":99,"column":53}},"37":{"start":{"line":112,"column":14},"end":{"line":112,"column":39}},"38":{"start":{"line":117,"column":35},"end":{"line":117,"column":92}},"39":{"start":{"line":124,"column":35},"end":{"line":124,"column":90}},"40":{"start":{"line":131,"column":35},"end":{"line":131,"column":90}},"41":{"start":{"line":137,"column":35},"end":{"line":137,"column":66}},"42":{"start":{"line":163,"column":29},"end":{"line":163,"column":60}},"43":{"start":{"line":18,"column":13},"end":{"line":18,"column":75}}},"fnMap":{"0":{"name":"(anonymous_0)","decl":{"start":{"line":18,"column":75},"end":{"line":18,"column":76}},"loc":{"start":{"line":21,"column":5},"end":{"line":183,"column":1}}},"1":{"name":"(anonymous_1)","decl":{"start":{"line":28,"column":24},"end":{"line":28,"column":27}},"loc":{"start":{"line":28,"column":29},"end":{"line":36,"column":3}}},"2":{"name":"(anonymous_2)","decl":{"start":{"line":38,"column":27},"end":{"line":38,"column":28}},"loc":{"start":{"line":38,"column":42},"end":{"line":42,"column":3}}},"3":{"name":"(anonymous_3)","decl":{"start":{"line":40,"column":40},"end":{"line":40,"column":43}},"loc":{"start":{"line":40,"column":47},"end":{"line":40,"column":60}}},"4":{"name":"(anonymous_4)","decl":{"start":{"line":44,"column":27},"end":{"line":44,"column":28}},"loc":{"start":{"line":44,"column":82},"end":{"line":48,"column":3}}},"5":{"name":"(anonymous_5)","decl":{"start":{"line":45,"column":35},"end":{"line":45,"column":38}},"loc":{"start":{"line":46,"column":6},"end":{"line":46,"column":54}}},"6":{"name":"(anonymous_6)","decl":{"start":{"line":50,"column":23},"end":{"line":50,"column":24}},"loc":{"start":{"line":50,"column":46},"end":{"line":83,"column":3}}},"7":{"name":"(anonymous_7)","decl":{"start":{"line":54,"column":48},"end":{"line":54,"column":51}},"loc":{"start":{"line":55,"column":6},"end":{"line":55,"column":42}}},"8":{"name":"(anonymous_8)","decl":{"start":{"line":75,"column":11},"end":{"line":75,"column":22}},"loc":{"start":{"line":75,"column":26},"end":{"line":75,"column":44}}},"9":{"name":"(anonymous_9)","decl":{"start":{"line":76,"column":14},"end":{"line":76,"column":25}},"loc":{"start":{"line":76,"column":29},"end":{"line":76,"column":51}}},"10":{"name":"(anonymous_10)","decl":{"start":{"line":99,"column":22},"end":{"line":99,"column":23}},"loc":{"start":{"line":99,"column":29},"end":{"line":99,"column":53}}},"11":{"name":"(anonymous_11)","decl":{"start":{"line":111,"column":29},"end":{"line":111,"column":30}},"loc":{"start":{"line":112,"column":14},"end":{"line":112,"column":39}}},"12":{"name":"(anonymous_12)","decl":{"start":{"line":117,"column":28},"end":{"line":117,"column":29}},"loc":{"start":{"line":117,"column":35},"end":{"line":117,"column":92}}},"13":{"name":"(anonymous_13)","decl":{"start":{"line":124,"column":28},"end":{"line":124,"column":29}},"loc":{"start":{"line":124,"column":35},"end":{"line":124,"column":90}}},"14":{"name":"(anonymous_14)","decl":{"start":{"line":131,"column":28},"end":{"line":131,"column":29}},"loc":{"start":{"line":131,"column":35},"end":{"line":131,"column":90}}},"15":{"name":"(anonymous_15)","decl":{"start":{"line":137,"column":29},"end":{"line":137,"column":32}},"loc":{"start":{"line":137,"column":35},"end":{"line":137,"column":66}}},"16":{"name":"(anonymous_16)","decl":{"start":{"line":163,"column":22},"end":{"line":163,"column":23}},"loc":{"start":{"line":163,"column":29},"end":{"line":163,"column":60}}}},"branchMap":{"0":{"loc":{"start":{"line":39,"column":4},"end":{"line":41,"column":5}},"type":"if","locations":[{"start":{"line":39,"column":4},"end":{"line":41,"column":5}}]},"1":{"loc":{"start":{"line":46,"column":6},"end":{"line":46,"column":54}},"type":"cond-expr","locations":[{"start":{"line":46,"column":22},"end":{"line":46,"column":48}},{"start":{"line":46,"column":51},"end":{"line":46,"column":54}}]},"2":{"loc":{"start":{"line":55,"column":6},"end":{"line":55,"column":42}},"type":"binary-expr","locations":[{"start":{"line":55,"column":6},"end":{"line":55,"column":23}},{"start":{"line":55,"column":27},"end":{"line":55,"column":42}}]},"3":{"loc":{"start":{"line":58,"column":4},"end":{"line":61,"column":5}},"type":"if","locations":[{"start":{"line":58,"column":4},"end":{"line":61,"column":5}}]},"4":{"loc":{"start":{"line":63,"column":4},"end":{"line":66,"column":5}},"type":"if","locations":[{"start":{"line":63,"column":4},"end":{"line":66,"column":5}}]},"5":{"loc":{"start":{"line":68,"column":4},"end":{"line":71,"column":5}},"type":"if","locations":[{"start":{"line":68,"column":4},"end":{"line":71,"column":5}}]},"6":{"loc":{"start":{"line":134,"column":17},"end":{"line":141,"column":null}},"type":"binary-expr","locations":[{"start":{"line":134,"column":17},"end":{"line":134,"column":39}},{"start":{"line":135,"column":18},"end":{"line":138,"column":null}}]},"7":{"loc":{"start":{"line":177,"column":13},"end":{"line":177,"column":58}},"type":"cond-expr","locations":[{"start":{"line":177,"column":25},"end":{"line":177,"column":39}},{"start":{"line":177,"column":42},"end":{"line":177,"column":58}}]}},"s":{"0":1,"1":1,"2":1,"3":1,"4":1,"5":0,"6":0,"7":0,"8":0,"9":0,"10":0,"11":0,"12":0,"13":0,"14":0,"15":0,"16":0,"17":0,"18":0,"19":0,"20":0,"21":0,"22":0,"23":0,"24":0,"25":0,"26":0,"27":0,"28":0,"29":0,"30":0,"31":0,"32":0,"33":0,"34":0,"35":0,"36":0,"37":0,"38":0,"39":0,"40":0,"41":0,"42":0,"43":1},"f":{"0":0,"1":0,"2":0,"3":0,"4":0,"5":0,"6":0,"7":0,"8":0,"9":0,"10":0,"11":0,"12":0,"13":0,"14":0,"15":0,"16":0},"b":{"0":[0],"1":[0,0],"2":[0,0],"3":[0],"4":[0],"5":[0],"6":[0,0],"7":[0,0]}}
,"/Users/craigstroberg/myworkspace/gluten-free/gluten-free-substitutions/src/components/recipe/SubstitutionCard.tsx": {"path":"/Users/craigstroberg/myworkspace/gluten-free/gluten-free-substitutions/src/components/recipe/SubstitutionCard.tsx","statementMap":{"0":{"start":{"line":1,"column":0},"end":{"line":1,"column":26}},"1":{"start":{"line":3,"column":0},"end":{"line":3,"column":28}},"2":{"start":{"line":9,"column":65},"end":{"line":48,"column":1}},"3":{"start":{"line":12,"column":28},"end":{"line":16,"column":4}},"4":{"start":{"line":18,"column":2},"end":{"line":47,"column":4}},"5":{"start":{"line":9,"column":13},"end":{"line":9,"column":65}}},"fnMap":{"0":{"name":"(anonymous_0)","decl":{"start":{"line":9,"column":65},"end":{"line":9,"column":66}},"loc":{"start":{"line":11,"column":5},"end":{"line":48,"column":1}}}},"branchMap":{"0":{"loc":{"start":{"line":41,"column":7},"end":{"line":44,"column":null}},"type":"binary-expr","locations":[{"start":{"line":41,"column":7},"end":{"line":41,"column":37}},{"start":{"line":42,"column":8},"end":{"line":43,"column":null}}]}},"s":{"0":2,"1":2,"2":2,"3":0,"4":0,"5":2},"f":{"0":0},"b":{"0":[0,0]}}
,"/Users/craigstroberg/myworkspace/gluten-free/gluten-free-substitutions/src/components/ui/Button.tsx": {"path":"/Users/craigstroberg/myworkspace/gluten-free/gluten-free-substitutions/src/components/ui/Button.tsx","statementMap":{"0":{"start":{"line":1,"column":0},"end":{"line":1,"column":26}},"1":{"start":{"line":2,"column":0},"end":{"line":2,"column":28}},"2":{"start":{"line":10,"column":45},"end":{"line":45,"column":1}},"3":{"start":{"line":17,"column":22},"end":{"line":17,"column":204}},"4":{"start":{"line":19,"column":25},"end":{"line":24,"column":4}},"5":{"start":{"line":26,"column":22},"end":{"line":30,"column":4}},"6":{"start":{"line":32,"column":2},"end":{"line":44,"column":4}},"7":{"start":{"line":10,"column":13},"end":{"line":10,"column":45}}},"fnMap":{"0":{"name":"(anonymous_0)","decl":{"start":{"line":10,"column":45},"end":{"line":10,"column":46}},"loc":{"start":{"line":16,"column":5},"end":{"line":45,"column":1}}}},"branchMap":{"0":{"loc":{"start":{"line":11,"column":2},"end":{"line":11,"column":21}},"type":"default-arg","locations":[{"start":{"line":11,"column":12},"end":{"line":11,"column":21}}]},"1":{"loc":{"start":{"line":12,"column":2},"end":{"line":12,"column":13}},"type":"default-arg","locations":[{"start":{"line":12,"column":9},"end":{"line":12,"column":13}}]}},"s":{"0":3,"1":3,"2":3,"3":0,"4":0,"5":0,"6":0,"7":3},"f":{"0":0},"b":{"0":[0],"1":[0]}}
,"/Users/craigstroberg/myworkspace/gluten-free/gluten-free-substitutions/src/components/ui/Input.tsx": {"path":"/Users/craigstroberg/myworkspace/gluten-free/gluten-free-substitutions/src/components/ui/Input.tsx","statementMap":{"0":{"start":{"line":1,"column":0},"end":{"line":1,"column":39}},"1":{"start":{"line":2,"column":0},"end":{"line":2,"column":28}},"2":{"start":{"line":3,"column":0},"end":{"line":3,"column":53}},"3":{"start":{"line":11,"column":43},"end":{"line":45,"column":1}},"4":{"start":{"line":19,"column":18},"end":{"line":19,"column":64}},"5":{"start":{"line":19,"column":32},"end":{"line":19,"column":57}},"6":{"start":{"line":21,"column":2},"end":{"line":44,"column":4}},"7":{"start":{"line":11,"column":13},"end":{"line":11,"column":43}}},"fnMap":{"0":{"name":"(anonymous_0)","decl":{"start":{"line":11,"column":43},"end":{"line":11,"column":44}},"loc":{"start":{"line":18,"column":5},"end":{"line":45,"column":1}}},"1":{"name":"(anonymous_1)","decl":{"start":{"line":19,"column":26},"end":{"line":19,"column":29}},"loc":{"start":{"line":19,"column":32},"end":{"line":19,"column":57}}}},"branchMap":{"0":{"loc":{"start":{"line":19,"column":32},"end":{"line":19,"column":57}},"type":"binary-expr","locations":[{"start":{"line":19,"column":32},"end":{"line":19,"column":34}},{"start":{"line":19,"column":38},"end":{"line":19,"column":57}}]},"1":{"loc":{"start":{"line":23,"column":7},"end":{"line":26,"column":null}},"type":"binary-expr","locations":[{"start":{"line":23,"column":7},"end":{"line":23,"column":12}},{"start":{"line":24,"column":8},"end":{"line":25,"column":null}}]},"2":{"loc":{"start":{"line":32,"column":10},"end":{"line":32,"column":75}},"type":"binary-expr","locations":[{"start":{"line":32,"column":10},"end":{"line":32,"column":15}},{"start":{"line":32,"column":19},"end":{"line":32,"column":75}}]},"3":{"loc":{"start":{"line":37,"column":7},"end":{"line":38,"column":null}},"type":"binary-expr","locations":[{"start":{"line":37,"column":7},"end":{"line":37,"column":12}},{"start":{"line":38,"column":8},"end":{"line":38,"column":55}}]},"4":{"loc":{"start":{"line":40,"column":7},"end":{"line":41,"column":null}},"type":"binary-expr","locations":[{"start":{"line":40,"column":7},"end":{"line":40,"column":17}},{"start":{"line":40,"column":21},"end":{"line":40,"column":27}},{"start":{"line":41,"column":8},"end":{"line":41,"column":61}}]}},"s":{"0":1,"1":1,"2":1,"3":1,"4":0,"5":0,"6":0,"7":1},"f":{"0":0,"1":0},"b":{"0":[0,0],"1":[0,0],"2":[0,0],"3":[0,0],"4":[0,0,0]}}
,"/Users/craigstroberg/myworkspace/gluten-free/gluten-free-substitutions/src/components/ui/LoadingSpinner.tsx": {"path":"/Users/craigstroberg/myworkspace/gluten-free/gluten-free-substitutions/src/components/ui/LoadingSpinner.tsx","statementMap":{"0":{"start":{"line":1,"column":0},"end":{"line":1,"column":26}},"1":{"start":{"line":2,"column":0},"end":{"line":2,"column":28}},"2":{"start":{"line":9,"column":61},"end":{"line":28,"column":1}},"3":{"start":{"line":13,"column":22},"end":{"line":17,"column":4}},"4":{"start":{"line":19,"column":2},"end":{"line":27,"column":4}},"5":{"start":{"line":9,"column":13},"end":{"line":9,"column":61}}},"fnMap":{"0":{"name":"(anonymous_0)","decl":{"start":{"line":9,"column":61},"end":{"line":9,"column":62}},"loc":{"start":{"line":12,"column":5},"end":{"line":28,"column":1}}}},"branchMap":{"0":{"loc":{"start":{"line":10,"column":2},"end":{"line":10,"column":13}},"type":"default-arg","locations":[{"start":{"line":10,"column":9},"end":{"line":10,"column":13}}]}},"s":{"0":2,"1":2,"2":2,"3":0,"4":0,"5":2},"f":{"0":0},"b":{"0":[0]}}
,"/Users/craigstroberg/myworkspace/gluten-free/gluten-free-substitutions/src/components/ui/TextArea.tsx": {"path":"/Users/craigstroberg/myworkspace/gluten-free/gluten-free-substitutions/src/components/ui/TextArea.tsx","statementMap":{"0":{"start":{"line":1,"column":0},"end":{"line":1,"column":39}},"1":{"start":{"line":2,"column":0},"end":{"line":2,"column":28}},"2":{"start":{"line":3,"column":0},"end":{"line":3,"column":53}},"3":{"start":{"line":11,"column":49},"end":{"line":45,"column":1}},"4":{"start":{"line":19,"column":21},"end":{"line":19,"column":70}},"5":{"start":{"line":19,"column":35},"end":{"line":19,"column":63}},"6":{"start":{"line":21,"column":2},"end":{"line":44,"column":4}},"7":{"start":{"line":11,"column":13},"end":{"line":11,"column":49}}},"fnMap":{"0":{"name":"(anonymous_0)","decl":{"start":{"line":11,"column":49},"end":{"line":11,"column":50}},"loc":{"start":{"line":18,"column":5},"end":{"line":45,"column":1}}},"1":{"name":"(anonymous_1)","decl":{"start":{"line":19,"column":29},"end":{"line":19,"column":32}},"loc":{"start":{"line":19,"column":35},"end":{"line":19,"column":63}}}},"branchMap":{"0":{"loc":{"start":{"line":19,"column":35},"end":{"line":19,"column":63}},"type":"binary-expr","locations":[{"start":{"line":19,"column":35},"end":{"line":19,"column":37}},{"start":{"line":19,"column":41},"end":{"line":19,"column":63}}]},"1":{"loc":{"start":{"line":23,"column":7},"end":{"line":26,"column":null}},"type":"binary-expr","locations":[{"start":{"line":23,"column":7},"end":{"line":23,"column":12}},{"start":{"line":24,"column":8},"end":{"line":25,"column":null}}]},"2":{"loc":{"start":{"line":32,"column":10},"end":{"line":32,"column":75}},"type":"binary-expr","locations":[{"start":{"line":32,"column":10},"end":{"line":32,"column":15}},{"start":{"line":32,"column":19},"end":{"line":32,"column":75}}]},"3":{"loc":{"start":{"line":37,"column":7},"end":{"line":38,"column":null}},"type":"binary-expr","locations":[{"start":{"line":37,"column":7},"end":{"line":37,"column":12}},{"start":{"line":38,"column":8},"end":{"line":38,"column":55}}]},"4":{"loc":{"start":{"line":40,"column":7},"end":{"line":41,"column":null}},"type":"binary-expr","locations":[{"start":{"line":40,"column":7},"end":{"line":40,"column":17}},{"start":{"line":40,"column":21},"end":{"line":40,"column":27}},{"start":{"line":41,"column":8},"end":{"line":41,"column":61}}]}},"s":{"0":2,"1":2,"2":2,"3":2,"4":0,"5":0,"6":0,"7":2},"f":{"0":0,"1":0},"b":{"0":[0,0],"1":[0,0],"2":[0,0],"3":[0,0],"4":[0,0,0]}}
,"/Users/craigstroberg/myworkspace/gluten-free/gluten-free-substitutions/src/contexts/IngredientContext.tsx": {"path":"/Users/craigstroberg/myworkspace/gluten-free/gluten-free-substitutions/src/contexts/IngredientContext.tsx","statementMap":{"0":{"start":{"line":1,"column":0},"end":{"line":1,"column":null}},"1":{"start":{"line":10,"column":0},"end":{"line":10,"column":68}},"2":{"start":{"line":23,"column":26},"end":{"line":24,"column":null}},"3":{"start":{"line":27,"column":29},"end":{"line":33,"column":1}},"4":{"start":{"line":28,"column":18},"end":{"line":28,"column":47}},"5":{"start":{"line":29,"column":2},"end":{"line":31,"column":3}},"6":{"start":{"line":30,"column":4},"end":{"line":30,"column":79}},"7":{"start":{"line":32,"column":2},"end":{"line":32,"column":17}},"8":{"start":{"line":27,"column":13},"end":{"line":27,"column":29}},"9":{"start":{"line":39,"column":69},"end":{"line":113,"column":1}},"10":{"start":{"line":42,"column":24},"end":{"line":42,"column":60}},"11":{"start":{"line":43,"column":44},"end":{"line":44,"column":null}},"12":{"start":{"line":46,"column":40},"end":{"line":46,"column":52}},"13":{"start":{"line":48,"column":29},"end":{"line":48,"column":72}},"14":{"start":{"line":48,"column":43},"end":{"line":48,"column":67}},"15":{"start":{"line":50,"column":28},"end":{"line":61,"column":null}},"16":{"start":{"line":52,"column":6},"end":{"line":52,"column":28}},"17":{"start":{"line":53,"column":6},"end":{"line":56,"column":7}},"18":{"start":{"line":54,"column":8},"end":{"line":54,"column":29}},"19":{"start":{"line":55,"column":8},"end":{"line":55,"column":15}},"20":{"start":{"line":58,"column":22},"end":{"line":58,"column":65}},"21":{"start":{"line":59,"column":6},"end":{"line":59,"column":32}},"22":{"start":{"line":64,"column":26},"end":{"line":68,"column":null}},"23":{"start":{"line":66,"column":6},"end":{"line":66,"column":61}},"24":{"start":{"line":71,"column":27},"end":{"line":73,"column":26}},"25":{"start":{"line":72,"column":4},"end":{"line":72,"column":49}},"26":{"start":{"line":75,"column":35},"end":{"line":79,"column":null}},"27":{"start":{"line":77,"column":6},"end":{"line":77,"column":67}},"28":{"start":{"line":82,"column":43},"end":{"line":94,"column":null}},"29":{"start":{"line":84,"column":30},"end":{"line":84,"column":83}},"30":{"start":{"line":85,"column":58},"end":{"line":85,"column":60}},"31":{"start":{"line":87,"column":6},"end":{"line":90,"column":9}},"32":{"start":{"line":88,"column":24},"end":{"line":88,"column":66}},"33":{"start":{"line":89,"column":8},"end":{"line":89,"column":45}},"34":{"start":{"line":92,"column":6},"end":{"line":92,"column":33}},"35":{"start":{"line":97,"column":39},"end":{"line":106,"column":4}},"36":{"start":{"line":108,"column":2},"end":{"line":112,"column":4}},"37":{"start":{"line":39,"column":13},"end":{"line":39,"column":69}}},"fnMap":{"0":{"name":"(anonymous_0)","decl":{"start":{"line":27,"column":29},"end":{"line":27,"column":32}},"loc":{"start":{"line":27,"column":34},"end":{"line":33,"column":1}}},"1":{"name":"(anonymous_1)","decl":{"start":{"line":39,"column":69},"end":{"line":39,"column":70}},"loc":{"start":{"line":41,"column":5},"end":{"line":113,"column":1}}},"2":{"name":"(anonymous_2)","decl":{"start":{"line":48,"column":37},"end":{"line":48,"column":40}},"loc":{"start":{"line":48,"column":43},"end":{"line":48,"column":67}}},"3":{"name":"(anonymous_3)","decl":{"start":{"line":51,"column":4},"end":{"line":51,"column":5}},"loc":{"start":{"line":51,"column":22},"end":{"line":60,"column":5}}},"4":{"name":"(anonymous_4)","decl":{"start":{"line":65,"column":4},"end":{"line":65,"column":5}},"loc":{"start":{"line":65,"column":27},"end":{"line":67,"column":5}}},"5":{"name":"(anonymous_5)","decl":{"start":{"line":71,"column":39},"end":{"line":71,"column":42}},"loc":{"start":{"line":71,"column":44},"end":{"line":73,"column":3}}},"6":{"name":"(anonymous_6)","decl":{"start":{"line":76,"column":4},"end":{"line":76,"column":5}},"loc":{"start":{"line":76,"column":25},"end":{"line":78,"column":5}}},"7":{"name":"(anonymous_7)","decl":{"start":{"line":83,"column":4},"end":{"line":83,"column":5}},"loc":{"start":{"line":83,"column":25},"end":{"line":93,"column":5}}},"8":{"name":"(anonymous_8)","decl":{"start":{"line":87,"column":30},"end":{"line":87,"column":34}},"loc":{"start":{"line":87,"column":37},"end":{"line":90,"column":7}}}},"branchMap":{"0":{"loc":{"start":{"line":29,"column":2},"end":{"line":31,"column":3}},"type":"if","locations":[{"start":{"line":29,"column":2},"end":{"line":31,"column":3}}]},"1":{"loc":{"start":{"line":53,"column":6},"end":{"line":56,"column":7}},"type":"if","locations":[{"start":{"line":53,"column":6},"end":{"line":56,"column":7}}]}},"s":{"0":3,"1":3,"2":3,"3":3,"4":0,"5":0,"6":0,"7":0,"8":3,"9":3,"10":0,"11":0,"12":0,"13":0,"14":0,"15":0,"16":0,"17":0,"18":0,"19":0,"20":0,"21":0,"22":0,"23":0,"24":0,"25":0,"26":0,"27":0,"28":0,"29":0,"30":0,"31":0,"32":0,"33":0,"34":0,"35":0,"36":0,"37":3},"f":{"0":0,"1":0,"2":0,"3":0,"4":0,"5":0,"6":0,"7":0,"8":0},"b":{"0":[0],"1":[0]}}
,"/Users/craigstroberg/myworkspace/gluten-free/gluten-free-substitutions/src/contexts/RecipeContext.tsx": {"path":"/Users/craigstroberg/myworkspace/gluten-free/gluten-free-substitutions/src/contexts/RecipeContext.tsx","statementMap":{"0":{"start":{"line":1,"column":0},"end":{"line":1,"column":null}},"1":{"start":{"line":10,"column":0},"end":{"line":10,"column":66}},"2":{"start":{"line":11,"column":0},"end":{"line":11,"column":62}},"3":{"start":{"line":12,"column":0},"end":{"line":12,"column":58}},"4":{"start":{"line":27,"column":22},"end":{"line":27,"column":77}},"5":{"start":{"line":29,"column":25},"end":{"line":35,"column":1}},"6":{"start":{"line":30,"column":18},"end":{"line":30,"column":43}},"7":{"start":{"line":31,"column":2},"end":{"line":33,"column":3}},"8":{"start":{"line":32,"column":4},"end":{"line":32,"column":70}},"9":{"start":{"line":34,"column":2},"end":{"line":34,"column":17}},"10":{"start":{"line":29,"column":13},"end":{"line":29,"column":25}},"11":{"start":{"line":41,"column":61},"end":{"line":229,"column":1}},"12":{"start":{"line":42,"column":44},"end":{"line":42,"column":73}},"13":{"start":{"line":43,"column":44},"end":{"line":43,"column":66}},"14":{"start":{"line":44,"column":36},"end":{"line":44,"column":51}},"15":{"start":{"line":45,"column":28},"end":{"line":45,"column":57}},"16":{"start":{"line":47,"column":25},"end":{"line":47,"column":70}},"17":{"start":{"line":47,"column":39},"end":{"line":47,"column":65}},"18":{"start":{"line":49,"column":24},"end":{"line":87,"column":null}},"19":{"start":{"line":51,"column":6},"end":{"line":51,"column":25}},"20":{"start":{"line":52,"column":6},"end":{"line":52,"column":21}},"21":{"start":{"line":54,"column":6},"end":{"line":85,"column":7}},"22":{"start":{"line":55,"column":25},"end":{"line":55,"column":65}},"23":{"start":{"line":57,"column":8},"end":{"line":61,"column":9}},"24":{"start":{"line":58,"column":10},"end":{"line":58,"column":69}},"25":{"start":{"line":59,"column":10},"end":{"line":59,"column":33}},"26":{"start":{"line":60,"column":10},"end":{"line":60,"column":17}},"27":{"start":{"line":64,"column":31},"end":{"line":77,"column":10}},"28":{"start":{"line":79,"column":8},"end":{"line":79,"column":33}},"29":{"start":{"line":81,"column":8},"end":{"line":81,"column":64}},"30":{"start":{"line":82,"column":8},"end":{"line":82,"column":53}},"31":{"start":{"line":84,"column":8},"end":{"line":84,"column":28}},"32":{"start":{"line":90,"column":34},"end":{"line":147,"column":null}},"33":{"start":{"line":92,"column":6},"end":{"line":92,"column":25}},"34":{"start":{"line":93,"column":6},"end":{"line":93,"column":21}},"35":{"start":{"line":95,"column":6},"end":{"line":145,"column":7}},"36":{"start":{"line":96,"column":25},"end":{"line":96,"column":77}},"37":{"start":{"line":98,"column":8},"end":{"line":102,"column":9}},"38":{"start":{"line":99,"column":10},"end":{"line":99,"column":69}},"39":{"start":{"line":100,"column":10},"end":{"line":100,"column":33}},"40":{"start":{"line":101,"column":10},"end":{"line":101,"column":17}},"41":{"start":{"line":105,"column":52},"end":{"line":113,"column":11}},"42":{"start":{"line":105,"column":83},"end":{"line":113,"column":10}},"43":{"start":{"line":116,"column":36},"end":{"line":120,"column":null}},"44":{"start":{"line":124,"column":40},"end":{"line":137,"column":10}},"45":{"start":{"line":133,"column":90},"end":{"line":133,"column":129}},"46":{"start":{"line":139,"column":8},"end":{"line":139,"column":42}},"47":{"start":{"line":141,"column":8},"end":{"line":141,"column":64}},"48":{"start":{"line":142,"column":8},"end":{"line":142,"column":53}},"49":{"start":{"line":144,"column":8},"end":{"line":144,"column":28}},"50":{"start":{"line":150,"column":21},"end":{"line":161,"column":null}},"51":{"start":{"line":152,"column":29},"end":{"line":155,"column":8}},"52":{"start":{"line":154,"column":39},"end":{"line":154,"column":57}},"53":{"start":{"line":156,"column":6},"end":{"line":156,"column":39}},"54":{"start":{"line":159,"column":6},"end":{"line":159,"column":76}},"55":{"start":{"line":164,"column":23},"end":{"line":172,"column":null}},"56":{"start":{"line":166,"column":29},"end":{"line":166,"column":79}},"57":{"start":{"line":166,"column":62},"end":{"line":166,"column":78}},"58":{"start":{"line":167,"column":6},"end":{"line":167,"column":39}},"59":{"start":{"line":170,"column":6},"end":{"line":170,"column":76}},"60":{"start":{"line":175,"column":23},"end":{"line":190,"column":8}},"61":{"start":{"line":176,"column":4},"end":{"line":189,"column":5}},"62":{"start":{"line":177,"column":19},"end":{"line":177,"column":53}},"63":{"start":{"line":178,"column":19},"end":{"line":178,"column":59}},"64":{"start":{"line":179,"column":18},"end":{"line":179,"column":43}},"65":{"start":{"line":180,"column":16},"end":{"line":180,"column":43}},"66":{"start":{"line":181,"column":6},"end":{"line":181,"column":19}},"67":{"start":{"line":182,"column":6},"end":{"line":182,"column":41}},"68":{"start":{"line":183,"column":6},"end":{"line":183,"column":35}},"69":{"start":{"line":184,"column":6},"end":{"line":184,"column":16}},"70":{"start":{"line":185,"column":6},"end":{"line":185,"column":35}},"71":{"start":{"line":186,"column":6},"end":{"line":186,"column":31}},"72":{"start":{"line":187,"column":11},"end":{"line":189,"column":5}},"73":{"start":{"line":188,"column":6},"end":{"line":188,"column":40}},"74":{"start":{"line":192,"column":21},"end":{"line":198,"column":8}},"75":{"start":{"line":193,"column":4},"end":{"line":197,"column":5}},"76":{"start":{"line":194,"column":6},"end":{"line":194,"column":50}},"77":{"start":{"line":196,"column":6},"end":{"line":196,"column":51}},"78":{"start":{"line":201,"column":2},"end":{"line":211,"column":9}},"79":{"start":{"line":202,"column":18},"end":{"line":202,"column":55}},"80":{"start":{"line":203,"column":4},"end":{"line":210,"column":5}},"81":{"start":{"line":204,"column":6},"end":{"line":209,"column":7}},"82":{"start":{"line":205,"column":23},"end":{"line":205,"column":40}},"83":{"start":{"line":206,"column":8},"end":{"line":206,"column":33}},"84":{"start":{"line":208,"column":8},"end":{"line":208,"column":61}},"85":{"start":{"line":213,"column":35},"end":{"line":224,"column":4}},"86":{"start":{"line":226,"column":2},"end":{"line":228,"column":4}},"87":{"start":{"line":41,"column":13},"end":{"line":41,"column":61}}},"fnMap":{"0":{"name":"(anonymous_0)","decl":{"start":{"line":29,"column":25},"end":{"line":29,"column":28}},"loc":{"start":{"line":29,"column":30},"end":{"line":35,"column":1}}},"1":{"name":"(anonymous_1)","decl":{"start":{"line":41,"column":61},"end":{"line":41,"column":62}},"loc":{"start":{"line":41,"column":78},"end":{"line":229,"column":1}}},"2":{"name":"(anonymous_2)","decl":{"start":{"line":47,"column":33},"end":{"line":47,"column":36}},"loc":{"start":{"line":47,"column":39},"end":{"line":47,"column":65}}},"3":{"name":"(anonymous_3)","decl":{"start":{"line":50,"column":4},"end":{"line":50,"column":9}},"loc":{"start":{"line":50,"column":27},"end":{"line":86,"column":5}}},"4":{"name":"(anonymous_4)","decl":{"start":{"line":91,"column":4},"end":{"line":91,"column":9}},"loc":{"start":{"line":91,"column":132},"end":{"line":146,"column":5}}},"5":{"name":"(anonymous_5)","decl":{"start":{"line":105,"column":75},"end":{"line":105,"column":78}},"loc":{"start":{"line":105,"column":83},"end":{"line":113,"column":10}}},"6":{"name":"(anonymous_6)","decl":{"start":{"line":133,"column":83},"end":{"line":133,"column":86}},"loc":{"start":{"line":133,"column":90},"end":{"line":133,"column":129}}},"7":{"name":"(anonymous_7)","decl":{"start":{"line":151,"column":4},"end":{"line":151,"column":5}},"loc":{"start":{"line":151,"column":23},"end":{"line":160,"column":5}}},"8":{"name":"(anonymous_8)","decl":{"start":{"line":154,"column":32},"end":{"line":154,"column":33}},"loc":{"start":{"line":154,"column":39},"end":{"line":154,"column":57}}},"9":{"name":"(anonymous_9)","decl":{"start":{"line":165,"column":4},"end":{"line":165,"column":5}},"loc":{"start":{"line":165,"column":19},"end":{"line":171,"column":5}}},"10":{"name":"(anonymous_10)","decl":{"start":{"line":166,"column":50},"end":{"line":166,"column":51}},"loc":{"start":{"line":166,"column":62},"end":{"line":166,"column":78}}},"11":{"name":"(anonymous_11)","decl":{"start":{"line":175,"column":35},"end":{"line":175,"column":36}},"loc":{"start":{"line":175,"column":78},"end":{"line":190,"column":3}}},"12":{"name":"(anonymous_12)","decl":{"start":{"line":192,"column":33},"end":{"line":192,"column":38}},"loc":{"start":{"line":192,"column":58},"end":{"line":198,"column":3}}},"13":{"name":"(anonymous_13)","decl":{"start":{"line":201,"column":18},"end":{"line":201,"column":21}},"loc":{"start":{"line":201,"column":23},"end":{"line":211,"column":3}}}},"branchMap":{"0":{"loc":{"start":{"line":31,"column":2},"end":{"line":33,"column":3}},"type":"if","locations":[{"start":{"line":31,"column":2},"end":{"line":33,"column":3}}]},"1":{"loc":{"start":{"line":57,"column":8},"end":{"line":61,"column":9}},"type":"if","locations":[{"start":{"line":57,"column":8},"end":{"line":61,"column":9}}]},"2":{"loc":{"start":{"line":98,"column":8},"end":{"line":102,"column":9}},"type":"if","locations":[{"start":{"line":98,"column":8},"end":{"line":102,"column":9}}]},"3":{"loc":{"start":{"line":108,"column":18},"end":{"line":108,"column":45}},"type":"binary-expr","locations":[{"start":{"line":108,"column":18},"end":{"line":108,"column":40}},{"start":{"line":108,"column":44},"end":{"line":108,"column":45}}]},"4":{"loc":{"start":{"line":176,"column":4},"end":{"line":189,"column":5}},"type":"if","locations":[{"start":{"line":176,"column":4},"end":{"line":189,"column":5}},{"start":{"line":187,"column":11},"end":{"line":189,"column":5}}]},"5":{"loc":{"start":{"line":187,"column":11},"end":{"line":189,"column":5}},"type":"if","locations":[{"start":{"line":187,"column":11},"end":{"line":189,"column":5}}]},"6":{"loc":{"start":{"line":203,"column":4},"end":{"line":210,"column":5}},"type":"if","locations":[{"start":{"line":203,"column":4},"end":{"line":210,"column":5}}]}},"s":{"0":4,"1":4,"2":4,"3":4,"4":4,"5":4,"6":0,"7":0,"8":0,"9":0,"10":4,"11":4,"12":24,"13":24,"14":24,"15":24,"16":24,"17":24,"18":0,"19":0,"20":0,"21":0,"22":0,"23":0,"24":0,"25":0,"26":0,"27":0,"28":0,"29":0,"30":0,"31":0,"32":0,"33":0,"34":0,"35":0,"36":0,"37":0,"38":0,"39":0,"40":0,"41":0,"42":0,"43":0,"44":0,"45":0,"46":0,"47":0,"48":0,"49":0,"50":0,"51":0,"52":0,"53":0,"54":0,"55":0,"56":0,"57":0,"58":0,"59":0,"60":0,"61":0,"62":0,"63":0,"64":0,"65":0,"66":0,"67":0,"68":0,"69":0,"70":0,"71":0,"72":0,"73":0,"74":0,"75":0,"76":0,"77":0,"78":0,"79":0,"80":0,"81":0,"82":0,"83":0,"84":0,"85":0,"86":0,"87":4},"f":{"0":0,"1":24,"2":24,"3":0,"4":0,"5":0,"6":0,"7":0,"8":0,"9":0,"10":0,"11":0,"12":0,"13":0},"b":{"0":[0],"1":[0],"2":[0],"3":[0,0],"4":[0,0],"5":[0],"6":[0]}}
,"/Users/craigstroberg/myworkspace/gluten-free/gluten-free-substitutions/src/contexts/UIContext.tsx": {"path":"/Users/craigstroberg/myworkspace/gluten-free/gluten-free-substitutions/src/contexts/UIContext.tsx","statementMap":{"0":{"start":{"line":1,"column":0},"end":{"line":1,"column":null}},"1":{"start":{"line":18,"column":18},"end":{"line":18,"column":69}},"2":{"start":{"line":20,"column":21},"end":{"line":26,"column":1}},"3":{"start":{"line":21,"column":18},"end":{"line":21,"column":39}},"4":{"start":{"line":22,"column":2},"end":{"line":24,"column":3}},"5":{"start":{"line":23,"column":4},"end":{"line":23,"column":62}},"6":{"start":{"line":25,"column":2},"end":{"line":25,"column":17}},"7":{"start":{"line":20,"column":13},"end":{"line":20,"column":21}},"8":{"start":{"line":32,"column":53},"end":{"line":73,"column":1}},"9":{"start":{"line":33,"column":28},"end":{"line":33,"column":63}},"10":{"start":{"line":34,"column":40},"end":{"line":34,"column":55}},"11":{"start":{"line":35,"column":40},"end":{"line":35,"column":56}},"12":{"start":{"line":37,"column":25},"end":{"line":40,"column":8}},"13":{"start":{"line":38,"column":4},"end":{"line":38,"column":23}},"14":{"start":{"line":39,"column":4},"end":{"line":39,"column":44}},"15":{"start":{"line":42,"column":24},"end":{"line":44,"column":8}},"16":{"start":{"line":43,"column":4},"end":{"line":43,"column":36}},"17":{"start":{"line":43,"column":29},"end":{"line":43,"column":34}},"18":{"start":{"line":46,"column":31},"end":{"line":48,"column":8}},"19":{"start":{"line":47,"column":4},"end":{"line":47,"column":25}},"20":{"start":{"line":51,"column":2},"end":{"line":61,"column":9}},"21":{"start":{"line":52,"column":4},"end":{"line":60,"column":5}},"22":{"start":{"line":53,"column":25},"end":{"line":53,"column":81}},"23":{"start":{"line":54,"column":6},"end":{"line":56,"column":7}},"24":{"start":{"line":55,"column":8},"end":{"line":55,"column":29}},"25":{"start":{"line":59,"column":6},"end":{"line":59,"column":57}},"26":{"start":{"line":63,"column":31},"end":{"line":70,"column":4}},"27":{"start":{"line":72,"column":2},"end":{"line":72,"column":75}},"28":{"start":{"line":32,"column":13},"end":{"line":32,"column":53}}},"fnMap":{"0":{"name":"(anonymous_0)","decl":{"start":{"line":20,"column":21},"end":{"line":20,"column":24}},"loc":{"start":{"line":20,"column":26},"end":{"line":26,"column":1}}},"1":{"name":"(anonymous_1)","decl":{"start":{"line":32,"column":53},"end":{"line":32,"column":54}},"loc":{"start":{"line":32,"column":70},"end":{"line":73,"column":1}}},"2":{"name":"(anonymous_2)","decl":{"start":{"line":37,"column":37},"end":{"line":37,"column":38}},"loc":{"start":{"line":37,"column":68},"end":{"line":40,"column":3}}},"3":{"name":"(anonymous_3)","decl":{"start":{"line":42,"column":36},"end":{"line":42,"column":39}},"loc":{"start":{"line":42,"column":41},"end":{"line":44,"column":3}}},"4":{"name":"(anonymous_4)","decl":{"start":{"line":43,"column":19},"end":{"line":43,"column":20}},"loc":{"start":{"line":43,"column":29},"end":{"line":43,"column":34}}},"5":{"name":"(anonymous_5)","decl":{"start":{"line":46,"column":43},"end":{"line":46,"column":44}},"loc":{"start":{"line":46,"column":60},"end":{"line":48,"column":3}}},"6":{"name":"(anonymous_6)","decl":{"start":{"line":51,"column":18},"end":{"line":51,"column":21}},"loc":{"start":{"line":51,"column":23},"end":{"line":61,"column":3}}}},"branchMap":{"0":{"loc":{"start":{"line":22,"column":2},"end":{"line":24,"column":3}},"type":"if","locations":[{"start":{"line":22,"column":2},"end":{"line":24,"column":3}}]},"1":{"loc":{"start":{"line":54,"column":6},"end":{"line":56,"column":7}},"type":"if","locations":[{"start":{"line":54,"column":6},"end":{"line":56,"column":7}}]}},"s":{"0":3,"1":3,"2":3,"3":0,"4":0,"5":0,"6":0,"7":3,"8":3,"9":84,"10":84,"11":84,"12":84,"13":0,"14":0,"15":84,"16":0,"17":0,"18":84,"19":0,"20":84,"21":0,"22":0,"23":0,"24":0,"25":0,"26":0,"27":0,"28":3},"f":{"0":0,"1":84,"2":0,"3":0,"4":0,"5":0,"6":0},"b":{"0":[0],"1":[0]}}
,"/Users/craigstroberg/myworkspace/gluten-free/gluten-free-substitutions/src/pages/About.tsx": {"path":"/Users/craigstroberg/myworkspace/gluten-free/gluten-free-substitutions/src/pages/About.tsx","statementMap":{"0":{"start":{"line":1,"column":0},"end":{"line":1,"column":26}},"1":{"start":{"line":2,"column":0},"end":{"line":2,"column":49}},"2":{"start":{"line":4,"column":31},"end":{"line":130,"column":1}},"3":{"start":{"line":5,"column":2},"end":{"line":129,"column":4}},"4":{"start":{"line":119,"column":30},"end":{"line":119,"column":65}},"5":{"start":{"line":4,"column":13},"end":{"line":4,"column":31}}},"fnMap":{"0":{"name":"(anonymous_0)","decl":{"start":{"line":4,"column":31},"end":{"line":4,"column":34}},"loc":{"start":{"line":4,"column":36},"end":{"line":130,"column":1}}},"1":{"name":"(anonymous_1)","decl":{"start":{"line":119,"column":23},"end":{"line":119,"column":26}},"loc":{"start":{"line":119,"column":30},"end":{"line":119,"column":65}}}},"branchMap":{},"s":{"0":0,"1":0,"2":0,"3":0,"4":0,"5":0},"f":{"0":0,"1":0},"b":{}}
,"/Users/craigstroberg/myworkspace/gluten-free/gluten-free-substitutions/src/pages/CookingTips.tsx": {"path":"/Users/craigstroberg/myworkspace/gluten-free/gluten-free-substitutions/src/pages/CookingTips.tsx","statementMap":{"0":{"start":{"line":1,"column":0},"end":{"line":1,"column":26}},"1":{"start":{"line":2,"column":0},"end":{"line":2,"column":55}},"2":{"start":{"line":4,"column":37},"end":{"line":92,"column":1}},"3":{"start":{"line":5,"column":15},"end":{"line":5,"column":35}},"4":{"start":{"line":7,"column":2},"end":{"line":91,"column":4}},"5":{"start":{"line":22,"column":14},"end":{"line":22,"column":32}},"6":{"start":{"line":4,"column":13},"end":{"line":4,"column":37}}},"fnMap":{"0":{"name":"(anonymous_0)","decl":{"start":{"line":4,"column":37},"end":{"line":4,"column":40}},"loc":{"start":{"line":4,"column":42},"end":{"line":92,"column":1}}},"1":{"name":"(anonymous_1)","decl":{"start":{"line":21,"column":22},"end":{"line":21,"column":23}},"loc":{"start":{"line":22,"column":14},"end":{"line":22,"column":32}}}},"branchMap":{"0":{"loc":{"start":{"line":29,"column":22},"end":{"line":33,"column":null}},"type":"cond-expr","locations":[{"start":{"line":30,"column":26},"end":{"line":30,"column":55}},{"start":{"line":31,"column":26},"end":{"line":33,"column":null}}]},"1":{"loc":{"start":{"line":31,"column":26},"end":{"line":33,"column":null}},"type":"cond-expr","locations":[{"start":{"line":32,"column":28},"end":{"line":32,"column":59}},{"start":{"line":33,"column":28},"end":{"line":33,"column":null}}]}},"s":{"0":0,"1":0,"2":0,"3":0,"4":0,"5":0,"6":0},"f":{"0":0,"1":0},"b":{"0":[0,0],"1":[0,0]}}
,"/Users/craigstroberg/myworkspace/gluten-free/gluten-free-substitutions/src/pages/HomePage.tsx": {"path":"/Users/craigstroberg/myworkspace/gluten-free/gluten-free-substitutions/src/pages/HomePage.tsx","statementMap":{"0":{"start":{"line":1,"column":0},"end":{"line":1,"column":26}},"1":{"start":{"line":2,"column":0},"end":{"line":2,"column":47}},"2":{"start":{"line":4,"column":0},"end":{"line":4,"column":63}},"3":{"start":{"line":5,"column":0},"end":{"line":5,"column":54}},"4":{"start":{"line":7,"column":34},"end":{"line":145,"column":1}},"5":{"start":{"line":8,"column":19},"end":{"line":8,"column":32}},"6":{"start":{"line":9,"column":61},"end":{"line":9,"column":72}},"7":{"start":{"line":11,"column":24},"end":{"line":16,"column":3}},"8":{"start":{"line":12,"column":4},"end":{"line":12,"column":30}},"9":{"start":{"line":13,"column":4},"end":{"line":15,"column":5}},"10":{"start":{"line":14,"column":6},"end":{"line":14,"column":29}},"11":{"start":{"line":18,"column":2},"end":{"line":144,"column":4}},"12":{"start":{"line":7,"column":13},"end":{"line":7,"column":34}}},"fnMap":{"0":{"name":"(anonymous_0)","decl":{"start":{"line":7,"column":34},"end":{"line":7,"column":37}},"loc":{"start":{"line":7,"column":39},"end":{"line":145,"column":1}}},"1":{"name":"(anonymous_1)","decl":{"start":{"line":11,"column":24},"end":{"line":11,"column":29}},"loc":{"start":{"line":11,"column":47},"end":{"line":16,"column":3}}}},"branchMap":{"0":{"loc":{"start":{"line":13,"column":4},"end":{"line":15,"column":5}},"type":"if","locations":[{"start":{"line":13,"column":4},"end":{"line":15,"column":5}}]},"1":{"loc":{"start":{"line":44,"column":13},"end":{"line":47,"column":null}},"type":"binary-expr","locations":[{"start":{"line":44,"column":13},"end":{"line":44,"column":18}},{"start":{"line":45,"column":14},"end":{"line":46,"column":null}}]}},"s":{"0":0,"1":0,"2":0,"3":0,"4":0,"5":0,"6":0,"7":0,"8":0,"9":0,"10":0,"11":0,"12":0},"f":{"0":0,"1":0},"b":{"0":[0],"1":[0,0]}}
,"/Users/craigstroberg/myworkspace/gluten-free/gluten-free-substitutions/src/pages/IngredientDatabase.tsx": {"path":"/Users/craigstroberg/myworkspace/gluten-free/gluten-free-substitutions/src/pages/IngredientDatabase.tsx","statementMap":{"0":{"start":{"line":1,"column":0},"end":{"line":1,"column":40}},"1":{"start":{"line":2,"column":0},"end":{"line":2,"column":62}},"2":{"start":{"line":3,"column":0},"end":{"line":3,"column":47}},"3":{"start":{"line":4,"column":0},"end":{"line":4,"column":49}},"4":{"start":{"line":7,"column":44},"end":{"line":252,"column":1}},"5":{"start":{"line":15,"column":6},"end":{"line":15,"column":21}},"6":{"start":{"line":17,"column":50},"end":{"line":17,"column":70}},"7":{"start":{"line":18,"column":54},"end":{"line":18,"column":74}},"8":{"start":{"line":19,"column":64},"end":{"line":19,"column":92}},"9":{"start":{"line":21,"column":21},"end":{"line":21,"column":39}},"10":{"start":{"line":23,"column":23},"end":{"line":25,"column":3}},"11":{"start":{"line":24,"column":4},"end":{"line":24,"column":29}},"12":{"start":{"line":27,"column":31},"end":{"line":31,"column":3}},"13":{"start":{"line":28,"column":4},"end":{"line":28,"column":34}},"14":{"start":{"line":30,"column":4},"end":{"line":30,"column":26}},"15":{"start":{"line":33,"column":32},"end":{"line":37,"column":3}},"16":{"start":{"line":34,"column":4},"end":{"line":34,"column":42}},"17":{"start":{"line":35,"column":26},"end":{"line":35,"column":57}},"18":{"start":{"line":36,"column":4},"end":{"line":36,"column":46}},"19":{"start":{"line":40,"column":30},"end":{"line":40,"column":104}},"20":{"start":{"line":42,"column":2},"end":{"line":251,"column":4}},"21":{"start":{"line":62,"column":33},"end":{"line":62,"column":61}},"22":{"start":{"line":75,"column":16},"end":{"line":76,"column":null}},"23":{"start":{"line":80,"column":33},"end":{"line":80,"column":63}},"24":{"start":{"line":98,"column":20},"end":{"line":99,"column":null}},"25":{"start":{"line":101,"column":37},"end":{"line":101,"column":75}},"26":{"start":{"line":149,"column":18},"end":{"line":150,"column":null}},"27":{"start":{"line":152,"column":35},"end":{"line":152,"column":73}},"28":{"start":{"line":194,"column":20},"end":{"line":194,"column":46}},"29":{"start":{"line":195,"column":20},"end":{"line":195,"column":51}},"30":{"start":{"line":204,"column":18},"end":{"line":204,"column":35}},"31":{"start":{"line":7,"column":13},"end":{"line":7,"column":44}}},"fnMap":{"0":{"name":"(anonymous_0)","decl":{"start":{"line":7,"column":44},"end":{"line":7,"column":47}},"loc":{"start":{"line":7,"column":49},"end":{"line":252,"column":1}}},"1":{"name":"(anonymous_1)","decl":{"start":{"line":23,"column":23},"end":{"line":23,"column":24}},"loc":{"start":{"line":23,"column":41},"end":{"line":25,"column":3}}},"2":{"name":"(anonymous_2)","decl":{"start":{"line":27,"column":31},"end":{"line":27,"column":32}},"loc":{"start":{"line":27,"column":52},"end":{"line":31,"column":3}}},"3":{"name":"(anonymous_3)","decl":{"start":{"line":33,"column":32},"end":{"line":33,"column":33}},"loc":{"start":{"line":33,"column":59},"end":{"line":37,"column":3}}},"4":{"name":"(anonymous_4)","decl":{"start":{"line":62,"column":26},"end":{"line":62,"column":27}},"loc":{"start":{"line":62,"column":33},"end":{"line":62,"column":61}}},"5":{"name":"(anonymous_5)","decl":{"start":{"line":74,"column":30},"end":{"line":74,"column":31}},"loc":{"start":{"line":75,"column":16},"end":{"line":76,"column":null}}},"6":{"name":"(anonymous_6)","decl":{"start":{"line":80,"column":27},"end":{"line":80,"column":30}},"loc":{"start":{"line":80,"column":33},"end":{"line":80,"column":63}}},"7":{"name":"(anonymous_7)","decl":{"start":{"line":97,"column":43},"end":{"line":97,"column":44}},"loc":{"start":{"line":98,"column":20},"end":{"line":99,"column":null}}},"8":{"name":"(anonymous_8)","decl":{"start":{"line":101,"column":31},"end":{"line":101,"column":34}},"loc":{"start":{"line":101,"column":37},"end":{"line":101,"column":75}}},"9":{"name":"(anonymous_9)","decl":{"start":{"line":148,"column":35},"end":{"line":148,"column":36}},"loc":{"start":{"line":149,"column":18},"end":{"line":150,"column":null}}},"10":{"name":"(anonymous_10)","decl":{"start":{"line":152,"column":29},"end":{"line":152,"column":32}},"loc":{"start":{"line":152,"column":35},"end":{"line":152,"column":73}}},"11":{"name":"(anonymous_11)","decl":{"start":{"line":193,"column":27},"end":{"line":193,"column":30}},"loc":{"start":{"line":193,"column":32},"end":{"line":196,"column":19}}},"12":{"name":"(anonymous_12)","decl":{"start":{"line":203,"column":45},"end":{"line":203,"column":46}},"loc":{"start":{"line":204,"column":18},"end":{"line":204,"column":35}}}},"branchMap":{"0":{"loc":{"start":{"line":40,"column":30},"end":{"line":40,"column":104}},"type":"cond-expr","locations":[{"start":{"line":40,"column":49},"end":{"line":40,"column":99}},{"start":{"line":40,"column":102},"end":{"line":40,"column":104}}]},"1":{"loc":{"start":{"line":78,"column":20},"end":{"line":78,"column":73}},"type":"cond-expr","locations":[{"start":{"line":78,"column":52},"end":{"line":78,"column":61}},{"start":{"line":78,"column":64},"end":{"line":78,"column":73}}]},"2":{"loc":{"start":{"line":90,"column":11},"end":{"line":138,"column":null}},"type":"binary-expr","locations":[{"start":{"line":90,"column":11},"end":{"line":90,"column":27}},{"start":{"line":90,"column":31},"end":{"line":90,"column":43}},{"start":{"line":91,"column":12},"end":{"line":137,"column":null}}]},"3":{"loc":{"start":{"line":95,"column":15},"end":{"line":136,"column":null}},"type":"cond-expr","locations":[{"start":{"line":96,"column":16},"end":{"line":129,"column":null}},{"start":{"line":132,"column":16},"end":{"line":135,"column":null}}]},"4":{"loc":{"start":{"line":115,"column":28},"end":{"line":119,"column":null}},"type":"cond-expr","locations":[{"start":{"line":116,"column":32},"end":{"line":116,"column":61}},{"start":{"line":117,"column":32},"end":{"line":119,"column":null}}]},"5":{"loc":{"start":{"line":117,"column":32},"end":{"line":119,"column":null}},"type":"cond-expr","locations":[{"start":{"line":118,"column":34},"end":{"line":118,"column":65}},{"start":{"line":119,"column":34},"end":{"line":119,"column":null}}]},"6":{"loc":{"start":{"line":142,"column":11},"end":{"line":182,"column":null}},"type":"binary-expr","locations":[{"start":{"line":142,"column":11},"end":{"line":142,"column":35}},{"start":{"line":142,"column":39},"end":{"line":142,"column":50}},{"start":{"line":143,"column":12},"end":{"line":181,"column":null}}]},"7":{"loc":{"start":{"line":166,"column":26},"end":{"line":170,"column":null}},"type":"cond-expr","locations":[{"start":{"line":167,"column":30},"end":{"line":167,"column":59}},{"start":{"line":168,"column":30},"end":{"line":170,"column":null}}]},"8":{"loc":{"start":{"line":168,"column":30},"end":{"line":170,"column":null}},"type":"cond-expr","locations":[{"start":{"line":169,"column":32},"end":{"line":169,"column":63}},{"start":{"line":170,"column":32},"end":{"line":170,"column":null}}]},"9":{"loc":{"start":{"line":186,"column":11},"end":{"line":233,"column":null}},"type":"binary-expr","locations":[{"start":{"line":186,"column":11},"end":{"line":186,"column":29}},{"start":{"line":186,"column":33},"end":{"line":186,"column":67}},{"start":{"line":187,"column":12},"end":{"line":232,"column":null}}]},"10":{"loc":{"start":{"line":217,"column":26},"end":{"line":221,"column":null}},"type":"cond-expr","locations":[{"start":{"line":218,"column":30},"end":{"line":218,"column":59}},{"start":{"line":219,"column":30},"end":{"line":221,"column":null}}]},"11":{"loc":{"start":{"line":219,"column":30},"end":{"line":221,"column":null}},"type":"cond-expr","locations":[{"start":{"line":220,"column":32},"end":{"line":220,"column":63}},{"start":{"line":221,"column":32},"end":{"line":221,"column":null}}]},"12":{"loc":{"start":{"line":237,"column":11},"end":{"line":246,"column":null}},"type":"binary-expr","locations":[{"start":{"line":237,"column":11},"end":{"line":237,"column":22}},{"start":{"line":237,"column":26},"end":{"line":237,"column":52}},{"start":{"line":238,"column":12},"end":{"line":245,"column":null}}]}},"s":{"0":0,"1":0,"2":0,"3":0,"4":0,"5":0,"6":0,"7":0,"8":0,"9":0,"10":0,"11":0,"12":0,"13":0,"14":0,"15":0,"16":0,"17":0,"18":0,"19":0,"20":0,"21":0,"22":0,"23":0,"24":0,"25":0,"26":0,"27":0,"28":0,"29":0,"30":0,"31":0},"f":{"0":0,"1":0,"2":0,"3":0,"4":0,"5":0,"6":0,"7":0,"8":0,"9":0,"10":0,"11":0,"12":0},"b":{"0":[0,0],"1":[0,0],"2":[0,0,0],"3":[0,0],"4":[0,0],"5":[0,0],"6":[0,0,0],"7":[0,0],"8":[0,0],"9":[0,0,0],"10":[0,0],"11":[0,0],"12":[0,0,0]}}
,"/Users/craigstroberg/myworkspace/gluten-free/gluten-free-substitutions/src/pages/RecipeConverter.tsx": {"path":"/Users/craigstroberg/myworkspace/gluten-free/gluten-free-substitutions/src/pages/RecipeConverter.tsx","statementMap":{"0":{"start":{"line":1,"column":0},"end":{"line":1,"column":40}},"1":{"start":{"line":2,"column":0},"end":{"line":2,"column":54}},"2":{"start":{"line":3,"column":0},"end":{"line":3,"column":63}},"3":{"start":{"line":4,"column":0},"end":{"line":4,"column":83}},"4":{"start":{"line":5,"column":0},"end":{"line":5,"column":71}},"5":{"start":{"line":6,"column":0},"end":{"line":6,"column":65}},"6":{"start":{"line":9,"column":41},"end":{"line":130,"column":1}},"7":{"start":{"line":19,"column":6},"end":{"line":19,"column":17}},"8":{"start":{"line":21,"column":36},"end":{"line":21,"column":81}},"9":{"start":{"line":23,"column":24},"end":{"line":25,"column":3}},"10":{"start":{"line":24,"column":4},"end":{"line":24,"column":30}},"11":{"start":{"line":27,"column":34},"end":{"line":29,"column":3}},"12":{"start":{"line":28,"column":4},"end":{"line":28,"column":42}},"13":{"start":{"line":31,"column":2},"end":{"line":129,"column":4}},"14":{"start":{"line":53,"column":35},"end":{"line":53,"column":61}},"15":{"start":{"line":63,"column":35},"end":{"line":63,"column":55}},"16":{"start":{"line":9,"column":13},"end":{"line":9,"column":41}}},"fnMap":{"0":{"name":"(anonymous_0)","decl":{"start":{"line":9,"column":41},"end":{"line":9,"column":44}},"loc":{"start":{"line":9,"column":46},"end":{"line":130,"column":1}}},"1":{"name":"(anonymous_1)","decl":{"start":{"line":23,"column":24},"end":{"line":23,"column":29}},"loc":{"start":{"line":23,"column":47},"end":{"line":25,"column":3}}},"2":{"name":"(anonymous_2)","decl":{"start":{"line":27,"column":34},"end":{"line":27,"column":39}},"loc":{"start":{"line":27,"column":162},"end":{"line":29,"column":3}}},"3":{"name":"(anonymous_3)","decl":{"start":{"line":53,"column":29},"end":{"line":53,"column":32}},"loc":{"start":{"line":53,"column":35},"end":{"line":53,"column":61}}},"4":{"name":"(anonymous_4)","decl":{"start":{"line":63,"column":29},"end":{"line":63,"column":32}},"loc":{"start":{"line":63,"column":35},"end":{"line":63,"column":55}}}},"branchMap":{"0":{"loc":{"start":{"line":55,"column":22},"end":{"line":57,"column":null}},"type":"cond-expr","locations":[{"start":{"line":56,"column":26},"end":{"line":56,"column":50}},{"start":{"line":57,"column":26},"end":{"line":57,"column":null}}]},"1":{"loc":{"start":{"line":65,"column":22},"end":{"line":67,"column":null}},"type":"cond-expr","locations":[{"start":{"line":66,"column":26},"end":{"line":66,"column":50}},{"start":{"line":67,"column":26},"end":{"line":67,"column":null}}]},"2":{"loc":{"start":{"line":75,"column":15},"end":{"line":85,"column":null}},"type":"cond-expr","locations":[{"start":{"line":76,"column":16},"end":{"line":78,"column":null}},{"start":{"line":81,"column":16},"end":{"line":84,"column":null}}]},"3":{"loc":{"start":{"line":88,"column":15},"end":{"line":91,"column":null}},"type":"binary-expr","locations":[{"start":{"line":88,"column":15},"end":{"line":88,"column":20}},{"start":{"line":89,"column":16},"end":{"line":90,"column":null}}]},"4":{"loc":{"start":{"line":100,"column":15},"end":{"line":122,"column":null}},"type":"cond-expr","locations":[{"start":{"line":101,"column":16},"end":{"line":105,"column":null}},{"start":{"line":107,"column":18},"end":{"line":122,"column":null}}]},"5":{"loc":{"start":{"line":107,"column":18},"end":{"line":122,"column":null}},"type":"cond-expr","locations":[{"start":{"line":108,"column":16},"end":{"line":112,"column":null}},{"start":{"line":115,"column":16},"end":{"line":121,"column":null}}]}},"s":{"0":1,"1":1,"2":1,"3":1,"4":1,"5":1,"6":1,"7":0,"8":0,"9":0,"10":0,"11":0,"12":0,"13":0,"14":0,"15":0,"16":1},"f":{"0":0,"1":0,"2":0,"3":0,"4":0},"b":{"0":[0,0],"1":[0,0],"2":[0,0],"3":[0,0],"4":[0,0],"5":[0,0]}}
,"/Users/craigstroberg/myworkspace/gluten-free/gluten-free-substitutions/src/services/analysisEngine.ts": {"path":"/Users/craigstroberg/myworkspace/gluten-free/gluten-free-substitutions/src/services/analysisEngine.ts","statementMap":{"0":{"start":{"line":2,"column":0},"end":{"line":2,"column":55}},"1":{"start":{"line":11,"column":10},"end":{"line":11,"column":null}},"2":{"start":{"line":12,"column":10},"end":{"line":12,"column":null}},"3":{"start":{"line":15,"column":4},"end":{"line":15,"column":39}},"4":{"start":{"line":16,"column":4},"end":{"line":16,"column":37}},"5":{"start":{"line":17,"column":4},"end":{"line":17,"column":30}},"6":{"start":{"line":22,"column":4},"end":{"line":27,"column":7}},"7":{"start":{"line":23,"column":6},"end":{"line":23,"column":58}},"8":{"start":{"line":24,"column":6},"end":{"line":26,"column":9}},"9":{"start":{"line":25,"column":8},"end":{"line":25,"column":56}},"10":{"start":{"line":30,"column":4},"end":{"line":43,"column":7}},"11":{"start":{"line":31,"column":28},"end":{"line":41,"column":9}},"12":{"start":{"line":31,"column":61},"end":{"line":41,"column":8}},"13":{"start":{"line":42,"column":6},"end":{"line":42,"column":71}},"14":{"start":{"line":47,"column":24},"end":{"line":47,"column":53}},"15":{"start":{"line":48,"column":30},"end":{"line":48,"column":73}},"16":{"start":{"line":49,"column":26},"end":{"line":49,"column":67}},"17":{"start":{"line":50,"column":23},"end":{"line":50,"column":62}},"18":{"start":{"line":52,"column":4},"end":{"line":59,"column":6}},"19":{"start":{"line":67,"column":30},"end":{"line":67,"column":94}},"20":{"start":{"line":68,"column":26},"end":{"line":68,"column":67}},"21":{"start":{"line":69,"column":23},"end":{"line":69,"column":62}},"22":{"start":{"line":71,"column":4},"end":{"line":78,"column":6}},"23":{"start":{"line":82,"column":21},"end":{"line":85,"column":6}},"24":{"start":{"line":87,"column":34},"end":{"line":87,"column":36}},"25":{"start":{"line":88,"column":4},"end":{"line":93,"column":7}},"26":{"start":{"line":89,"column":22},"end":{"line":89,"column":44}},"27":{"start":{"line":90,"column":6},"end":{"line":92,"column":7}},"28":{"start":{"line":91,"column":8},"end":{"line":91,"column":42}},"29":{"start":{"line":95,"column":4},"end":{"line":95,"column":23}},"30":{"start":{"line":99,"column":4},"end":{"line":106,"column":10}},"31":{"start":{"line":100,"column":27},"end":{"line":100,"column":59}},"32":{"start":{"line":101,"column":30},"end":{"line":101,"column":66}},"33":{"start":{"line":102,"column":28},"end":{"line":106,"column":8}},"34":{"start":{"line":110,"column":4},"end":{"line":117,"column":10}},"35":{"start":{"line":111,"column":27},"end":{"line":111,"column":69}},"36":{"start":{"line":112,"column":30},"end":{"line":112,"column":66}},"37":{"start":{"line":113,"column":28},"end":{"line":117,"column":8}},"38":{"start":{"line":121,"column":18},"end":{"line":121,"column":52}},"39":{"start":{"line":122,"column":19},"end":{"line":122,"column":44}},"40":{"start":{"line":123,"column":17},"end":{"line":123,"column":34}},"41":{"start":{"line":124,"column":17},"end":{"line":124,"column":55}},"42":{"start":{"line":126,"column":4},"end":{"line":134,"column":6}},"43":{"start":{"line":138,"column":19},"end":{"line":138,"column":53}},"44":{"start":{"line":139,"column":17},"end":{"line":139,"column":41}},"45":{"start":{"line":140,"column":17},"end":{"line":140,"column":53}},"46":{"start":{"line":142,"column":4},"end":{"line":150,"column":6}},"47":{"start":{"line":154,"column":33},"end":{"line":154,"column":64}},"48":{"start":{"line":157,"column":4},"end":{"line":159,"column":5}},"49":{"start":{"line":158,"column":6},"end":{"line":158,"column":18}},"50":{"start":{"line":162,"column":25},"end":{"line":196,"column":6}},"51":{"start":{"line":198,"column":4},"end":{"line":198,"column":45}},"52":{"start":{"line":198,"column":38},"end":{"line":198,"column":43}},"53":{"start":{"line":203,"column":17},"end":{"line":203,"column":41}},"54":{"start":{"line":204,"column":4},"end":{"line":211,"column":5}},"55":{"start":{"line":210,"column":6},"end":{"line":210,"column":18}},"56":{"start":{"line":212,"column":4},"end":{"line":218,"column":5}},"57":{"start":{"line":217,"column":6},"end":{"line":217,"column":17}},"58":{"start":{"line":219,"column":4},"end":{"line":219,"column":15}},"59":{"start":{"line":223,"column":42},"end":{"line":223,"column":44}},"60":{"start":{"line":225,"column":4},"end":{"line":232,"column":7}},"61":{"start":{"line":226,"column":29},"end":{"line":227,"column":null}},"62":{"start":{"line":229,"column":6},"end":{"line":231,"column":7}},"63":{"start":{"line":230,"column":8},"end":{"line":230,"column":46}},"64":{"start":{"line":234,"column":4},"end":{"line":234,"column":25}},"65":{"start":{"line":240,"column":4},"end":{"line":240,"column":50}},"66":{"start":{"line":240,"column":36},"end":{"line":240,"column":50}},"67":{"start":{"line":242,"column":25},"end":{"line":242,"column":67}},"68":{"start":{"line":242,"column":52},"end":{"line":242,"column":66}},"69":{"start":{"line":243,"column":20},"end":{"line":243,"column":49}},"70":{"start":{"line":244,"column":22},"end":{"line":244,"column":53}},"71":{"start":{"line":246,"column":4},"end":{"line":246,"column":31}},"72":{"start":{"line":246,"column":17},"end":{"line":246,"column":31}},"73":{"start":{"line":247,"column":4},"end":{"line":247,"column":35}},"74":{"start":{"line":247,"column":19},"end":{"line":247,"column":35}},"75":{"start":{"line":248,"column":4},"end":{"line":248,"column":18}},"76":{"start":{"line":253,"column":25},"end":{"line":253,"column":67}},"77":{"start":{"line":253,"column":52},"end":{"line":253,"column":66}},"78":{"start":{"line":254,"column":22},"end":{"line":254,"column":69}},"79":{"start":{"line":254,"column":49},"end":{"line":254,"column":61}},"80":{"start":{"line":255,"column":24},"end":{"line":255,"column":73}},"81":{"start":{"line":255,"column":51},"end":{"line":255,"column":65}},"82":{"start":{"line":257,"column":4},"end":{"line":257,"column":44}},"83":{"start":{"line":264,"column":4},"end":{"line":264,"column":51}},"84":{"start":{"line":264,"column":40},"end":{"line":264,"column":51}},"85":{"start":{"line":267,"column":6},"end":{"line":268,"column":30}},"86":{"start":{"line":267,"column":45},"end":{"line":267,"column":65}},"87":{"start":{"line":270,"column":6},"end":{"line":271,"column":26}},"88":{"start":{"line":270,"column":41},"end":{"line":270,"column":61}},"89":{"start":{"line":273,"column":4},"end":{"line":273,"column":69}},"90":{"start":{"line":10,"column":0},"end":{"line":10,"column":13}}},"fnMap":{"0":{"name":"(anonymous_0)","decl":{"start":{"line":14,"column":2},"end":{"line":14,"column":null}},"loc":{"start":{"line":14,"column":2},"end":{"line":18,"column":3}}},"1":{"name":"(anonymous_1)","decl":{"start":{"line":20,"column":10},"end":{"line":20,"column":28}},"loc":{"start":{"line":20,"column":28},"end":{"line":44,"column":3}}},"2":{"name":"(anonymous_2)","decl":{"start":{"line":22,"column":46},"end":{"line":22,"column":47}},"loc":{"start":{"line":22,"column":55},"end":{"line":27,"column":5}}},"3":{"name":"(anonymous_3)","decl":{"start":{"line":24,"column":28},"end":{"line":24,"column":29}},"loc":{"start":{"line":24,"column":38},"end":{"line":26,"column":7}}},"4":{"name":"(anonymous_4)","decl":{"start":{"line":30,"column":46},"end":{"line":30,"column":47}},"loc":{"start":{
[...]
,"/Users/craigstroberg/myworkspace/gluten-free/gluten-free-substitutions/src/services/exportService.ts": {"path":"/Users/craigstroberg/myworkspace/gluten-free/gluten-free-substitutions/src/services/exportService.ts","statementMap":{"0":{"start":{"line":5,"column":15},"end":{"line":5,"column":38}},"1":{"start":{"line":7,"column":4},"end":{"line":7,"column":49}},"2":{"start":{"line":8,"column":4},"end":{"line":8,"column":58}},"3":{"start":{"line":9,"column":4},"end":{"line":9,"column":58}},"4":{"start":{"line":10,"column":4},"end":{"line":10,"column":55}},"5":{"start":{"line":12,"column":4},"end":{"line":12,"column":31}},"6":{"start":{"line":13,"column":4},"end":{"line":20,"column":7}},"7":{"start":{"line":14,"column":27},"end":{"line":14,"column":54}},"8":{"start":{"line":15,"column":6},"end":{"line":19,"column":7}},"9":{"start":{"line":16,"column":8},"end":{"line":16,"column":136}},"10":{"start":{"line":18,"column":8},"end":{"line":18,"column":81}},"11":{"start":{"line":22,"column":4},"end":{"line":22,"column":34}},"12":{"start":{"line":23,"column":4},"end":{"line":25,"column":7}},"13":{"start":{"line":24,"column":6},"end":{"line":24,"column":47}},"14":{"start":{"line":27,"column":4},"end":{"line":33,"column":5}},"15":{"start":{"line":28,"column":6},"end":{"line":28,"column":42}},"16":{"start":{"line":29,"column":6},"end":{"line":32,"column":9}},"17":{"start":{"line":30,"column":8},"end":{"line":30,"column":136}},"18":{"start":{"line":31,"column":8},"end":{"line":31,"column":51}},"19":{"start":{"line":35,"column":4},"end":{"line":35,"column":64}},"20":{"start":{"line":37,"column":4},"end":{"line":37,"column":16}},"21":{"start":{"line":43,"column":17},"end":{"line":43,"column":42}},"22":{"start":{"line":44,"column":24},"end":{"line":44,"column":49}},"23":{"start":{"line":45,"column":4},"end":{"line":64,"column":5}},"24":{"start":{"line":46,"column":6},"end":{"line":61,"column":9}},"25":{"start":{"line":62,"column":6},"end":{"line":62,"column":35}},"26":{"start":{"line":63,"column":6},"end":{"line":63,"column":26}},"27":{"start":{"line":68,"column":17},"end":{"line":68,"column":42}},"28":{"start":{"line":69,"column":4},"end":{"line":69,"column":47}},"29":{"start":{"line":3,"column":0},"end":{"line":3,"column":13}}},"fnMap":{"0":{"name":"(anonymous_0)","decl":{"start":{"line":4,"column":2},"end":{"line":4,"column":8}},"loc":{"start":{"line":4,"column":36},"end":{"line":38,"column":3}}},"1":{"name":"(anonymous_1)","decl":{"start":{"line":13,"column":31},"end":{"line":13,"column":32}},"loc":{"start":{"line":13,"column":46},"end":{"line":20,"column":5}}},"2":{"name":"(anonymous_2)","decl":{"start":{"line":23,"column":32},"end":{"line":23,"column":33}},"loc":{"start":{"line":23,"column":55},"end":{"line":25,"column":5}}},"3":{"name":"(anonymous_3)","decl":{"start":{"line":29,"column":35},"end":{"line":29,"column":36}},"loc":{"start":{"line":29,"column":52},"end":{"line":32,"column":7}}},"4":{"name":"(anonymous_4)","decl":{"start":{"line":40,"column":2},"end":{"line":40,"column":8}},"loc":{"start":{"line":40,"column":35},"end":{"line":65,"column":3}}},"5":{"name":"(anonymous_5)","decl":{"start":{"line":67,"column":2},"end":{"line":67,"column":8}},"loc":{"start":{"line":67,"column":39},"end":{"line":70,"column":3}}}},"branchMap":{"0":{"loc":{"start":{"line":15,"column":6},"end":{"line":19,"column":7}},"type":"if","locations":[{"start":{"line":15,"column":6},"end":{"line":19,"column":7}},{"start":{"line":17,"column":13},"end":{"line":19,"column":7}}]},"1":{"loc":{"start":{"line":27,"column":4},"end":{"line":33,"column":5}},"type":"if","locations":[{"start":{"line":27,"column":4},"end":{"line":33,"column":5}}]},"2":{"loc":{"start":{"line":45,"column":4},"end":{"line":64,"column":5}},"type":"if","locations":[{"start":{"line":45,"column":4},"end":{"line":64,"column":5}}]}},"s":{"0":0,"1":0,"2":0,"3":0,"4":0,"5":0,"6":0,"7":0,"8":0,"9":0,"10":0,"11":0,"12":0,"13":0,"14":0,"15":0,"16":0,"17":0,"18":0,"19":0,"20":0,"21":0,"22":0,"23":0,"24":0,"25":0,"26":0,"27":0,"28":0,"29":4},"f":{"0":0,"1":0,"2":0,"3":0,"4":0,"5":0},"b":{"0":[0,0],"1":[0],"2":[0]}}
,"/Users/craigstroberg/myworkspace/gluten-free/gluten-free-substitutions/src/services/ingredientDatabase.ts": {"path":"/Users/craigstroberg/myworkspace/gluten-free/gluten-free-substitutions/src/services/ingredientDatabase.ts","statementMap":{"0":{"start":{"line":4,"column":24},"end":{"line":206,"column":2}},"1":{"start":{"line":209,"column":10},"end":{"line":209,"column":null}},"2":{"start":{"line":212,"column":4},"end":{"line":212,"column":32}},"3":{"start":{"line":216,"column":23},"end":{"line":216,"column":59}},"4":{"start":{"line":217,"column":29},"end":{"line":224,"column":null}},"5":{"start":{"line":219,"column":8},"end":{"line":223,"column":null}},"6":{"start":{"line":222,"column":10},"end":{"line":223,"column":50}},"7":{"start":{"line":227,"column":4},"end":{"line":227,"column":37}},"8":{"start":{"line":227,"column":27},"end":{"line":227,"column":37}},"9":{"start":{"line":229,"column":4},"end":{"line":239,"column":8}},"10":{"start":{"line":229,"column":56},"end":{"line":239,"column":6}},"11":{"start":{"line":243,"column":28},"end":{"line":243,"column":47}},"12":{"start":{"line":244,"column":44},"end":{"line":244,"column":46}},"13":{"start":{"line":247,"column":4},"end":{"line":260,"column":7}},"14":{"start":{"line":248,"column":6},"end":{"line":259,"column":7}},"15":{"start":{"line":249,"column":8},"end":{"line":258,"column":11}},"16":{"start":{"line":250,"column":10},"end":{"line":257,"column":13}},"17":{"start":{"line":262,"column":4},"end":{"line":262,"column":19}},"18":{"start":{"line":266,"column":4},"end":{"line":266,"column":45}},"19":{"start":{"line":270,"column":4},"end":{"line":270,"column":78}},"20":{"start":{"line":274,"column":4},"end":{"line":278,"column":14}},"21":{"start":{"line":208,"column":0},"end":{"line":208,"column":13}}},"fnMap":{"0":{"name":"(anonymous_0)","decl":{"start":{"line":211,"column":2},"end":{"line":211,"column":null}},"loc":{"start":{"line":211,"column":2},"end":{"line":213,"column":3}}},"1":{"name":"(anonymous_1)","decl":{"start":{"line":215,"column":2},"end":{"line":215,"column":18}},"loc":{"start":{"line":215,"column":37},"end":{"line":240,"column":3}}},"2":{"name":"(anonymous_2)","decl":{"start":{"line":218,"column":6},"end":{"line":218,"column":7}},"loc":{"start":{"line":219,"column":8},"end":{"line":223,"column":null}}},"3":{"name":"(anonymous_3)","decl":{"start":{"line":221,"column":27},"end":{"line":221,"column":28}},"loc":{"start":{"line":222,"column":10},"end":{"line":223,"column":50}}},"4":{"name":"(anonymous_4)","decl":{"start":{"line":229,"column":46},"end":{"line":229,"column":47}},"loc":{"start":{"line":229,"column":56},"end":{"line":239,"column":6}}},"5":{"name":"(anonymous_5)","decl":{"start":{"line":242,"column":2},"end":{"line":242,"column":19}},"loc":{"start":{"line":242,"column":33},"end":{"line":263,"column":3}}},"6":{"name":"(anonymous_6)","decl":{"start":{"line":247,"column":40},"end":{"line":247,"column":41}},"loc":{"start":{"line":247,"column":49},"end":{"line":260,"column":5}}},"7":{"name":"(anonymous_7)","decl":{"start":{"line":249,"column":35},"end":{"line":249,"column":36}},"loc":{"start":{"line":249,"column":43},"end":{"line":258,"column":9}}},"8":{"name":"(anonymous_8)","decl":{"start":{"line":265,"column":2},"end":{"line":265,"column":18}},"loc":{"start":{"line":265,"column":18},"end":{"line":267,"column":3}}},"9":{"name":"(anonymous_9)","decl":{"start":{"line":269,"column":2},"end":{"line":269,"column":26}},"loc":{"start":{"line":269,"column":43},"end":{"line":271,"column":3}}},"10":{"name":"(anonymous_10)","decl":{"start":{"line":273,"column":10},"end":{"line":273,"column":29}},"loc":{"start":{"line":273,"column":42},"end":{"line":279,"column":3}}}},"branchMap":{"0":{"loc":{"start":{"line":219,"column":8},"end":{"line":223,"column":null}},"type":"binary-expr","locations":[{"start":{"line":219,"column":8},"end":{"line":219,"column":46}},{"start":{"line":220,"column":8},"end":{"line":220,"column":52}},{"start":{"line":221,"column":8},"end":{"line":223,"column":null}}]},"1":{"loc":{"start":{"line":222,"column":10},"end":{"line":223,"column":50}},"type":"binary-expr","locations":[{"start":{"line":222,"column":10},"end":{"line":222,"column":44}},{"start":{"line":223,"column":10},"end":{"line":223,"column":50}}]},"2":{"loc":{"start":{"line":227,"column":4},"end":{"line":227,"column":37}},"type":"if","locations":[{"start":{"line":227,"column":4},"end":{"line":227,"column":37}}]},"3":{"loc":{"start":{"line":248,"column":6},"end":{"line":259,"column":7}},"type":"if","locations":[{"start":{"line":248,"column":6},"end":{"line":259,"column":7}}]},"4":{"loc":{"start":{"line":270,"column":12},"end":{"line":270,"column":77}},"type":"binary-expr","locations":[{"start":{"line":270,"column":12},"end":{"line":270,"column":71}},{"start":{"line":270,"column":75},"end":{"line":270,"column":77}}]}},"s":{"0":4,"1":8,"2":8,"3":3,"4":3,"5":12,"6":29,"7":3,"8":1,"9":2,"10":8,"11":2,"12":2,"13":2,"14":20,"15":3,"16":7,"17":2,"18":1,"19":2,"20":3,"21":4},"f":{"0":8,"1":3,"2":12,"3":29,"4":8,"5":2,"6":20,"7":7,"8":1,"9":2,"10":3},"b":{"0":[12,12,11],"1":[29,28],"2":[1],"3":[3],"4":[2,1]}}
,"/Users/craigstroberg/myworkspace/gluten-free/gluten-free-substitutions/src/services/recipeConverter.ts": {"path":"/Users/craigstroberg/myworkspace/gluten-free/gluten-free-substitutions/src/services/recipeConverter.ts","statementMap":{"0":{"start":{"line":18,"column":47},"end":{"line":18,"column":49}},"1":{"start":{"line":19,"column":38},"end":{"line":19,"column":40}},"2":{"start":{"line":21,"column":4},"end":{"line":55,"column":5}},"3":{"start":{"line":22,"column":6},"end":{"line":54,"column":7}},"4":{"start":{"line":24,"column":8},"end":{"line":24,"column":46}},"5":{"start":{"line":27,"column":29},"end":{"line":27,"column":81}},"6":{"start":{"line":29,"column":8},"end":{"line":53,"column":9}},"7":{"start":{"line":30,"column":50},"end":{"line":37,"column":12}},"8":{"start":{"line":39,"column":10},"end":{"line":39,"column":57}},"9":{"start":{"line":42,"column":10},"end":{"line":44,"column":12}},"10":{"start":{"line":47,"column":10},"end":{"line":51,"column":13}},"11":{"start":{"line":52,"column":10},"end":{"line":52,"column":94}},"12":{"start":{"line":57,"column":4},"end":{"line":60,"column":6}},"13":{"start":{"line":70,"column":34},"end":{"line":70,"column":59}},"14":{"start":{"line":73,"column":4},"end":{"line":79,"column":5}},"15":{"start":{"line":74,"column":6},"end":{"line":78,"column":8}},"16":{"start":{"line":76,"column":39},"end":{"line":76,"column":50}},"17":{"start":{"line":82,"column":4},"end":{"line":89,"column":6}},"18":{"start":{"line":91,"column":4},"end":{"line":91,"column":33}},"19":{"start":{"line":102,"column":34},"end":{"line":103,"column":null}},"20":{"start":{"line":103,"column":6},"end":{"line":103,"column":76}},"21":{"start":{"line":106,"column":4},"end":{"line":108,"column":5}},"22":{"start":{"line":107,"column":6},"end":{"line":107,"column":18}},"23":{"start":{"line":111,"column":4},"end":{"line":113,"column":6}},"24":{"start":{"line":112,"column":6},"end":{"line":112,"column":59}},"25":{"start":{"line":123,"column":4},"end":{"line":123,"column":60}},"26":{"start":{"line":145,"column":54},"end":{"line":147,"column":null}},"27":{"start":{"line":150,"column":34},"end":{"line":152,"column":null}},"28":{"start":{"line":155,"column":30},"end":{"line":155,"column":82}},"29":{"start":{"line":155,"column":64},"end":{"line":155,"column":81}},"30":{"start":{"line":156,"column":27},"end":{"line":158,"column":12}},"31":{"start":{"line":157,"column":6},"end":{"line":157,"column":75}},"32":{"start":{"line":160,"column":23},"end":{"line":160,"column":69}},"33":{"start":{"line":162,"column":4},"end":{"line":172,"column":6}},"34":{"start":{"line":179,"column":4},"end":{"line":179,"column":50}},"35":{"start":{"line":179,"column":36},"end":{"line":179,"column":50}},"36":{"start":{"line":181,"column":25},"end":{"line":181,"column":65}},"37":{"start":{"line":181,"column":50},"end":{"line":181,"column":64}},"38":{"start":{"line":182,"column":20},"end":{"line":182,"column":49}},"39":{"start":{"line":183,"column":22},"end":{"line":183,"column":53}},"40":{"start":{"line":185,"column":4},"end":{"line":185,"column":31}},"41":{"start":{"line":185,"column":17},"end":{"line":185,"column":31}},"42":{"start":{"line":186,"column":4},"end":{"line":186,"column":35}},"43":{"start":{"line":186,"column":19},"end":{"line":186,"column":35}},"44":{"start":{"line":187,"column":4},"end":{"line":187,"column":18}},"45":{"start":{"line":7,"column":0},"end":{"line":7,"column":13}}},"fnMap":{"0":{"name":"(anonymous_0)","decl":{"start":{"line":11,"column":2},"end":{"line":11,"column":8}},"loc":{"start":{"line":13,"column":33},"end":{"line":61,"column":3}}},"1":{"name":"(anonymous_1)","decl":{"start":{"line":66,"column":2},"end":{"line":66,"column":8}},"loc":{"start":{"line":68,"column":29},"end":{"line":92,"column":3}}},"2":{"name":"(anonymous_2)","decl":{"start":{"line":76,"column":31},"end":{"line":76,"column":35}},"loc":{"start":{"line":76,"column":39},"end":{"line":76,"column":50}}},"3":{"name":"(anonymous_3)","decl":{"start":{"line":97,"column":10},"end":{"line":97,"column":16}},"loc":{"start":{"line":99,"column":33},"end":{"line":114,"column":3}}},"4":{"name":"(anonymous_4)","decl":{"start":{"line":102,"column":55},"end":{"line":102,"column":58}},"loc":{"start":{"line":103,"column":6},"end":{"line":103,"column":76}}},"5":{"name":"(anonymous_5)","decl":{"start":{"line":111,"column":40},"end":{"line":111,"column":41}},"loc":{"start":{"line":112,"column":6},"end":{"line":112,"column":59}}},"6":{"name":"(anonymous_6)","decl":{"start":{"line":119,"column":10},"end":{"line":119,"column":16}},"loc":{"start":{"line":121,"column":17},"end":{"line":124,"column":3}}},"7":{"name":"(anonymous_7)","decl":{"start":{"line":129,"column":2},"end":{"line":129,"column":8}},"loc":{"start":{"line":133,"column":33},"end":{"line":173,"column":3}}},"8":{"name":"(anonymous_8)","decl":{"start":{"line":155,"column":57},"end":{"line":155,"column":60}},"loc":{"start":{"line":155,"column":64},"end":{"line":155,"column":81}}},"9":{"name":"(anonymous_9)","decl":{"start":{"line":156,"column":55},"end":{"line":156,"column":58}},"loc":{"start":{"line":157,"column":6},"end":{"line":157,"column":75}}},"10":{"name":"(anonymous_10)","decl":{"start":{"line":178,"column":10},"end":{"line":178,"column":16}},"loc":{"start":{"line":178,"column":73},"end":{"line":188,"column":3}}},"11":{"name":"(anonymous_11)","decl":{"start":{"line":181,"column":43},"end":{"line":181,"column":46}},"loc":{"start":{"line":181,"column":50},"end":{"line":181,"column":64}}}},"branchMap":{"0":{"loc":{"start":{"line":22,"column":6},"end":{"line":54,"column":7}},"type":"if","locations":[{"start":{"line":22,"column":6},"end":{"line":54,"column":7}},{"start":{"line":25,"column":13},"end":{"line":54,"column":7}}]},"1":{"loc":{"start":{"line":29,"column":8},"end":{"line":53,"column":9}},"type":"if","locations":[{"start":{"line":29,"column":8},"end":{"line":53,"column":9}},{"start":{"line":45,"column":15},"end":{"line":53,"column":9}}]},"2":{"loc":{"start":{"line":43,"column":152},"end":{"line":43,"column":218}},"type":"cond-expr","locations":[{"start":{"line":43,"column":180},"end":{"line":43,"column":213}},{"start":{"line":43,"column":216},"end":{"line":43,"column":218}}]},"3":{"loc":{"start":{"line":73,"column":4},"end":{"line":79,"column":5}},"type":"if","locations":[{"start":{"line":73,"column":4},"end":{"line":79,"column":5}}]},"4":{"loc":{"start":{"line":106,"column":4},"end":{"line":108,"column":5}},"type":"if","locations":[{"start":{"line":106,"column":4},"end":{"line":108,"column":5}}]},"5":{"loc":{"start":{"line":112,"column":6},"end":{"line":112,"column":59}},"type":"cond-expr","locations":[{"start":{"line":112,"column":45},"end":{"line":112,"column":52}},{"start":{"line":112,"column":55},"end":{"line":112,"column":59}}]},"6":{"loc":{"start":{"line":157,"column":6},"end":{"line":157,"column":75}},"type":"binary-expr","locations":[{"start":{"line":157,"column":6},"end":{"line":157,"column":22}},{"start":{"line":157,"column":26},"end":{"line":157,"column":43}},{"start":{"line":157,"column":47},"end":{"line":157,"column":75}}]},"7":{"loc":{"start":{"line":179,"column":4},"end":{"line":179,"column":50}},"type":"if","locations":[{"start":{"line":179,"column":4},"end":{"line":179,"column":50}}]},"8":{"loc":{"start":{"line":185,"column":4},"end":{"line":185,"column":31}},"type":"if","locations":[{"start":{"line":185,"column":4},"end":{"line":185,"column":31}}]},"9":{"loc":{"start":{"line":186,"column":4},"end":{"line":186,"column":35}},"type":"if","locations":[{"start":{"line":186,"column":4},"end":{"line":186,"column":35}}]}},"s":{"0":0,"1":0,"2":0,"3":0,"4":0,"5":0,"6":0,"7":0,"8":0,"9":0,"10":0,"11":0,"12":0,"13":0,"14":0,"15":0,"16":0,"17":0,"18":0,"19":0,"20":0,"21":0,"22":0,"23":0,"24":0,"25":0,"26":0,"27":0,"28":0,"29":0,"30":0,"31":0,"32":0,"33":0,"34":0,"35":0,"36":0,"37":0,"38":0,"39":0,"40":0,"41":0,"42":0,"43":0,"44":0,"45":4},"f":{"0":0,"1":0,"2":0,"3":0,"4":0,"5":0,"6":0,"7":0,"8":0,"9":0,"10":0,"11":0},"b":{"0":[0,0],"1":[0,0],"2":[0,0],"3":[0],"4":[0],"5":[0,0],"6":[0,0,0],"7":[0],"8":[0],"9":[0]}}
,"/Users/craigstroberg/myworkspace/gluten-free/gluten-free-substitutions/src/types/index.ts": {"path":"/Users/craigstroberg/myworkspace/gluten-free/gluten-free-substitutions/src/types/index.ts","statementMap":{"0":{"start":{"line":1,"column":0},"end":{"line":1,"column":25}}},"fnMap":{},"branchMap":{},"s":{"0":0},"f":{},"b":{}}
,"/Users/craigstroberg/myworkspace/gluten-free/gluten-free-substitutions/src/utils/idGenerator.ts": {"path":"/Users/craigstroberg/myworkspace/gluten-free/gluten-free-substitutions/src/utils/idGenerator.ts","statementMap":{"0":{"start":{"line":1,"column":26},"end":{"line":3,"column":1}},"1":{"start":{"line":2,"column":2},"end":{"line":2,"column":74}},"2":{"start":{"line":1,"column":13},"end":{"line":1,"column":26}}},"fnMap":{"0":{"name":"(anonymous_0)","decl":{"start":{"line":1,"column":26},"end":{"line":1,"column":27}},"loc":{"start":{"line":1,"column":60},"end":{"line":3,"column":1}}}},"branchMap":{"0":{"loc":{"start":{"line":1,"column":27},"end":{"line":1,"column":48}},"type":"default-arg","locations":[{"start":{"line":1,"column":44},"end":{"line":1,"column":48}}]}},"s":{"0":3,"1":5,"2":3},"f":{"0":5},"b":{"0":[1]}}
,"/Users/craigstroberg/myworkspace/gluten-free/gluten-free-substitutions/src/utils/testUtils.tsx": {"path":"/Users/craigstroberg/myworkspace/gluten-free/gluten-free-substitutions/src/utils/testUtils.tsx","statementMap":{"0":{"start":{"line":1,"column":0},"end":{"line":1,"column":44}},"1":{"start":{"line":2,"column":0},"end":{"line":2,"column":63}},"2":{"start":{"line":3,"column":0},"end":{"line":3,"column":59}},"3":{"start":{"line":4,"column":0},"end":{"line":4,"column":67}},"4":{"start":{"line":5,"column":0},"end":{"line":5,"column":51}},"5":{"start":{"line":7,"column":24},"end":{"line":15,"column":1}},"6":{"start":{"line":8,"column":2},"end":{"line":14,"column":4}},"7":{"start":{"line":17,"column":21},"end":{"line":20,"column":57}},"8":{"start":{"line":20,"column":5},"end":{"line":20,"column":57}},"9":{"start":{"line":23,"column":25},"end":{"line":23,"column":31}},"10":{"start":{"line":22,"column":0},"end":{"line":22,"column":39}}},"fnMap":{"0":{"name":"(anonymous_4)","decl":{"start":{"line":7,"column":24},"end":{"line":7,"column":25}},"loc":{"start":{"line":7,"column":72},"end":{"line":15,"column":1}}},"1":{"name":"(anonymous_5)","decl":{"start":{"line":17,"column":21},"end":{"line":17,"column":null}},"loc":{"start":{"line":20,"column":5},"end":{"line":20,"column":57}}}},"branchMap":{},"s":{"0":3,"1":3,"2":3,"3":3,"4":3,"5":3,"6":42,"7":3,"8":21,"9":3,"10":3},"f":{"0":42,"1":21},"b":{}}
}
