TN:
SF:src/App.tsx
FN:12,(anonymous_0)
FN:12,(anonymous_1)
FN:12,(anonymous_2)
FN:13,(anonymous_3)
FN:13,(anonymous_4)
FN:13,(anonymous_5)
FN:14,(anonymous_6)
FN:14,(anonymous_7)
FN:14,(anonymous_8)
FN:15,(anonymous_9)
FN:15,(anonymous_10)
FN:15,(anonymous_11)
FN:16,(anonymous_12)
FN:16,(anonymous_13)
FN:16,(anonymous_14)
FN:18,(anonymous_15)
FNF:16
FNH:0
FNDA:0,(anonymous_0)
FNDA:0,(anonymous_1)
FNDA:0,(anonymous_2)
FNDA:0,(anonymous_3)
FNDA:0,(anonymous_4)
FNDA:0,(anonymous_5)
FNDA:0,(anonymous_6)
FNDA:0,(anonymous_7)
FNDA:0,(anonymous_8)
FNDA:0,(anonymous_9)
FNDA:0,(anonymous_10)
FNDA:0,(anonymous_11)
FNDA:0,(anonymous_12)
FNDA:0,(anonymous_13)
FNDA:0,(anonymous_14)
FNDA:0,(anonymous_15)
DA:1,0
DA:2,0
DA:3,0
DA:4,0
DA:5,0
DA:6,0
DA:7,0
DA:8,0
DA:9,0
DA:12,0
DA:13,0
DA:14,0
DA:15,0
DA:16,0
DA:18,0
DA:19,0
DA:55,0
LF:17
LH:0
BRF:0
BRH:0
end_of_record
TN:
SF:src/components/ErrorBoundary.tsx
FN:13,(anonymous_0)
FN:18,(anonymous_1)
FN:22,(anonymous_2)
FN:26,(anonymous_3)
FN:54,(anonymous_4)
FNF:5
FNH:0
FNDA:0,(anonymous_0)
FNDA:0,(anonymous_1)
FNDA:0,(anonymous_2)
FNDA:0,(anonymous_3)
FNDA:0,(anonymous_4)
DA:1,0
DA:13,0
DA:14,0
DA:19,0
DA:23,0
DA:27,0
DA:28,0
DA:29,0
DA:32,0
DA:54,0
DA:65,0
LF:11
LH:0
BRDA:27,0,0,0
BRDA:28,1,0,0
BRF:2
BRH:0
end_of_record
TN:
SF:src/components/layout/Footer.tsx
FN:4,(anonymous_0)
FNF:1
FNH:0
FNDA:0,(anonymous_0)
DA:1,0
DA:2,0
DA:4,0
DA:5,0
LF:4
LH:0
BRF:0
BRH:0
end_of_record
TN:
SF:src/components/layout/Header.tsx
FN:7,(anonymous_0)
FN:19,(anonymous_1)
FN:39,(anonymous_2)
FN:59,(anonymous_3)
FN:70,(anonymous_4)
FN:79,(anonymous_5)
FNF:6
FNH:0
FNDA:0,(anonymous_0)
FNDA:0,(anonymous_1)
FNDA:0,(anonymous_2)
FNDA:0,(anonymous_3)
FNDA:0,(anonymous_4)
FNDA:0,(anonymous_5)
DA:1,0
DA:2,0
DA:3,0
DA:4,0
DA:5,0
DA:7,0
DA:8,0
DA:9,0
DA:11,0
DA:19,0
DA:20,0
DA:23,0
DA:40,0
DA:59,0
DA:71,0
DA:79,0
LF:16
LH:0
BRDA:44,0,0,0
BRDA:44,0,1,0
BRDA:61,1,0,0
BRDA:61,1,1,0
BRDA:67,2,0,0
BRDA:67,2,1,0
BRDA:75,3,0,0
BRDA:75,3,1,0
BRF:8
BRH:0
end_of_record
TN:
SF:src/components/recipe/AnalysisResults.tsx
FN:13,(anonymous_0)
FN:39,(anonymous_1)
FN:53,(anonymous_2)
FN:63,(anonymous_3)
FN:69,(anonymous_4)
FN:75,(anonymous_5)
FN:81,(anonymous_6)
FNF:7
FNH:0
FNDA:0,(anonymous_0)
FNDA:0,(anonymous_1)
FNDA:0,(anonymous_2)
FNDA:0,(anonymous_3)
FNDA:0,(anonymous_4)
FNDA:0,(anonymous_5)
FNDA:0,(anonymous_6)
DA:1,2
DA:3,2
DA:4,2
DA:13,2
DA:19,0
DA:20,0
DA:32,0
DA:40,0
DA:54,0
DA:63,0
DA:69,0
DA:75,0
DA:81,0
LF:13
LH:4
BRDA:19,0,0,0
BRF:1
BRH:0
end_of_record
TN:
SF:src/components/recipe/RecipeInput.tsx
FN:13,(anonymous_0)
FN:22,(anonymous_1)
FN:40,(anonymous_2)
FNF:3
FNH:0
FNDA:0,(anonymous_0)
FNDA:0,(anonymous_1)
FNDA:0,(anonymous_2)
DA:1,2
DA:2,2
DA:3,2
DA:4,2
DA:13,2
DA:19,0
DA:20,0
DA:22,0
DA:23,0
DA:24,0
DA:25,0
DA:26,0
DA:28,0
DA:29,0
DA:30,0
DA:32,0
DA:33,0
DA:36,0
DA:40,0
LF:19
LH:5
BRDA:16,0,0,0
BRDA:17,1,0,0
BRDA:24,2,0,0
BRDA:28,3,0,0
BRDA:45,4,0,0
BRDA:45,4,1,0
BRDA:54,5,0,0
BRDA:54,5,1,0
BRDA:57,6,0,0
BRDA:57,6,1,0
BRF:10
BRH:0
end_of_record
TN:
SF:src/components/recipe/StructuredRecipeInput.tsx
FN:18,(anonymous_0)
FN:28,(anonymous_1)
FN:38,(anonymous_2)
FN:40,(anonymous_3)
FN:44,(anonymous_4)
FN:45,(anonymous_5)
FN:50,(anonymous_6)
FN:54,(anonymous_7)
FN:75,(anonymous_8)
FN:76,(anonymous_9)
FN:99,(anonymous_10)
FN:111,(anonymous_11)
FN:117,(anonymous_12)
FN:124,(anonymous_13)
FN:131,(anonymous_14)
FN:137,(anonymous_15)
FN:163,(anonymous_16)
FNF:17
FNH:0
FNDA:0,(anonymous_0)
FNDA:0,(anonymous_1)
FNDA:0,(anonymous_2)
FNDA:0,(anonymous_3)
FNDA:0,(anonymous_4)
FNDA:0,(anonymous_5)
FNDA:0,(anonymous_6)
FNDA:0,(anonymous_7)
FNDA:0,(anonymous_8)
FNDA:0,(anonymous_9)
FNDA:0,(anonymous_10)
FNDA:0,(anonymous_11)
FNDA:0,(anonymous_12)
FNDA:0,(anonymous_13)
FNDA:0,(anonymous_14)
FNDA:0,(anonymous_15)
FNDA:0,(anonymous_16)
DA:1,1
DA:2,1
DA:3,1
DA:4,1
DA:18,1
DA:22,0
DA:23,0
DA:26,0
DA:28,0
DA:29,0
DA:35,0
DA:38,0
DA:39,0
DA:40,0
DA:44,0
DA:45,0
DA:46,0
DA:50,0
DA:51,0
DA:54,0
DA:55,0
DA:58,0
DA:59,0
DA:60,0
DA:63,0
DA:64,0
DA:65,0
DA:68,0
DA:69,0
DA:70,0
DA:73,0
DA:75,0
DA:76,0
DA:78,0
DA:85,0
DA:99,0
DA:112,0
DA:117,0
DA:124,0
DA:131,0
DA:137,0
DA:163,0
LF:42
LH:5
BRDA:39,0,0,0
BRDA:46,1,0,0
BRDA:46,1,1,0
BRDA:55,2,0,0
BRDA:55,2,1,0
BRDA:58,3,0,0
BRDA:63,4,0,0
BRDA:68,5,0,0
BRDA:134,6,0,0
BRDA:134,6,1,0
BRDA:177,7,0,0
BRDA:177,7,1,0
BRF:12
BRH:0
end_of_record
TN:
SF:src/components/recipe/SubstitutionCard.tsx
FN:9,(anonymous_0)
FNF:1
FNH:0
FNDA:0,(anonymous_0)
DA:1,2
DA:3,2
DA:9,2
DA:12,0
DA:18,0
LF:5
LH:3
BRDA:41,0,0,0
BRDA:41,0,1,0
BRF:2
BRH:0
end_of_record
TN:
SF:src/components/ui/Button.tsx
FN:10,(anonymous_0)
FNF:1
FNH:0
FNDA:0,(anonymous_0)
DA:1,3
DA:2,3
DA:10,3
DA:17,0
DA:19,0
DA:26,0
DA:32,0
LF:7
LH:3
BRDA:11,0,0,0
BRDA:12,1,0,0
BRF:2
BRH:0
end_of_record
TN:
SF:src/components/ui/Input.tsx
FN:11,(anonymous_0)
FN:19,(anonymous_1)
FNF:2
FNH:0
FNDA:0,(anonymous_0)
FNDA:0,(anonymous_1)
DA:1,1
DA:2,1
DA:3,1
DA:11,1
DA:19,0
DA:21,0
LF:6
LH:4
BRDA:19,0,0,0
BRDA:19,0,1,0
BRDA:23,1,0,0
BRDA:23,1,1,0
BRDA:32,2,0,0
BRDA:32,2,1,0
BRDA:37,3,0,0
BRDA:37,3,1,0
BRDA:40,4,0,0
BRDA:40,4,1,0
BRDA:40,4,2,0
BRF:11
BRH:0
end_of_record
TN:
SF:src/components/ui/LoadingSpinner.tsx
FN:9,(anonymous_0)
FNF:1
FNH:0
FNDA:0,(anonymous_0)
DA:1,2
DA:2,2
DA:9,2
DA:13,0
DA:19,0
LF:5
LH:3
BRDA:10,0,0,0
BRF:1
BRH:0
end_of_record
TN:
SF:src/components/ui/TextArea.tsx
FN:11,(anonymous_0)
FN:19,(anonymous_1)
FNF:2
FNH:0
FNDA:0,(anonymous_0)
FNDA:0,(anonymous_1)
DA:1,2
DA:2,2
DA:3,2
DA:11,2
DA:19,0
DA:21,0
LF:6
LH:4
BRDA:19,0,0,0
BRDA:19,0,1,0
BRDA:23,1,0,0
BRDA:23,1,1,0
BRDA:32,2,0,0
BRDA:32,2,1,0
BRDA:37,3,0,0
BRDA:37,3,1,0
BRDA:40,4,0,0
BRDA:40,4,1,0
BRDA:40,4,2,0
BRF:11
BRH:0
end_of_record
TN:
SF:src/contexts/IngredientContext.tsx
FN:27,(anonymous_0)
FN:39,(anonymous_1)
FN:48,(anonymous_2)
FN:51,(anonymous_3)
FN:65,(anonymous_4)
FN:71,(anonymous_5)
FN:76,(anonymous_6)
FN:83,(anonymous_7)
FN:87,(anonymous_8)
FNF:9
FNH:0
FNDA:0,(anonymous_0)
FNDA:0,(anonymous_1)
FNDA:0,(anonymous_2)
FNDA:0,(anonymous_3)
FNDA:0,(anonymous_4)
FNDA:0,(anonymous_5)
FNDA:0,(anonymous_6)
FNDA:0,(anonymous_7)
FNDA:0,(anonymous_8)
DA:1,3
DA:10,3
DA:23,3
DA:27,3
DA:28,0
DA:29,0
DA:30,0
DA:32,0
DA:39,3
DA:42,0
DA:43,0
DA:46,0
DA:48,0
DA:50,0
DA:52,0
DA:53,0
DA:54,0
DA:55,0
DA:58,0
DA:59,0
DA:64,0
DA:66,0
DA:71,0
DA:72,0
DA:75,0
DA:77,0
DA:82,0
DA:84,0
DA:85,0
DA:87,0
DA:88,0
DA:89,0
DA:92,0
DA:97,0
DA:108,0
LF:35
LH:5
BRDA:29,0,0,0
BRDA:53,1,0,0
BRF:2
BRH:0
end_of_record
TN:
SF:src/contexts/RecipeContext.tsx
FN:29,(anonymous_0)
FN:41,(anonymous_1)
FN:47,(anonymous_2)
FN:50,(anonymous_3)
FN:91,(anonymous_4)
FN:105,(anonymous_5)
FN:133,(anonymous_6)
FN:151,(anonymous_7)
FN:154,(anonymous_8)
FN:165,(anonymous_9)
FN:166,(anonymous_10)
FN:175,(anonymous_11)
FN:192,(anonymous_12)
FN:201,(anonymous_13)
FNF:14
FNH:2
FNDA:0,(anonymous_0)
FNDA:24,(anonymous_1)
FNDA:24,(anonymous_2)
FNDA:0,(anonymous_3)
FNDA:0,(anonymous_4)
FNDA:0,(anonymous_5)
FNDA:0,(anonymous_6)
FNDA:0,(anonymous_7)
FNDA:0,(anonymous_8)
FNDA:0,(anonymous_9)
FNDA:0,(anonymous_10)
FNDA:0,(anonymous_11)
FNDA:0,(anonymous_12)
FNDA:0,(anonymous_13)
DA:1,4
DA:10,4
DA:11,4
DA:12,4
DA:27,4
DA:29,4
DA:30,0
DA:31,0
DA:32,0
DA:34,0
DA:41,4
DA:42,24
DA:43,24
DA:44,24
DA:45,24
DA:47,24
DA:49,0
DA:51,0
DA:52,0
DA:54,0
DA:55,0
DA:57,0
DA:58,0
DA:59,0
DA:60,0
DA:64,0
DA:79,0
DA:81,0
DA:82,0
DA:84,0
DA:90,0
DA:92,0
DA:93,0
DA:95,0
DA:96,0
DA:98,0
DA:99,0
DA:100,0
DA:101,0
DA:105,0
DA:116,0
DA:124,0
DA:133,0
DA:139,0
DA:141,0
DA:142,0
DA:144,0
DA:150,0
DA:152,0
DA:154,0
DA:156,0
DA:159,0
DA:164,0
DA:166,0
DA:167,0
DA:170,0
DA:175,0
DA:176,0
DA:177,0
DA:178,0
DA:179,0
DA:180,0
DA:181,0
DA:182,0
DA:183,0
DA:184,0
DA:185,0
DA:186,0
DA:187,0
DA:188,0
DA:192,0
DA:193,0
DA:194,0
DA:196,0
DA:201,0
DA:202,0
DA:203,0
DA:204,0
DA:205,0
DA:206,0
DA:208,0
DA:213,0
DA:226,0
LF:83
LH:12
BRDA:31,0,0,0
BRDA:57,1,0,0
BRDA:98,2,0,0
BRDA:108,3,0,0
BRDA:108,3,1,0
BRDA:176,4,0,0
BRDA:176,4,1,0
BRDA:187,5,0,0
BRDA:203,6,0,0
BRF:9
BRH:0
end_of_record
TN:
SF:src/contexts/UIContext.tsx
FN:20,(anonymous_0)
FN:32,(anonymous_1)
FN:37,(anonymous_2)
FN:42,(anonymous_3)
FN:43,(anonymous_4)
FN:46,(anonymous_5)
FN:51,(anonymous_6)
FNF:7
FNH:1
FNDA:0,(anonymous_0)
FNDA:84,(anonymous_1)
FNDA:0,(anonymous_2)
FNDA:0,(anonymous_3)
FNDA:0,(anonymous_4)
FNDA:0,(anonymous_5)
FNDA:0,(anonymous_6)
DA:1,3
DA:18,3
DA:20,3
DA:21,0
DA:22,0
DA:23,0
DA:25,0
DA:32,3
DA:33,84
DA:34,84
DA:35,84
DA:37,84
DA:38,0
DA:39,0
DA:42,84
DA:43,0
DA:46,84
DA:47,0
DA:51,84
DA:52,0
DA:53,0
DA:54,0
DA:55,0
DA:59,0
DA:63,0
DA:72,0
LF:26
LH:11
BRDA:22,0,0,0
BRDA:54,1,0,0
BRF:2
BRH:0
end_of_record
TN:
SF:src/pages/About.tsx
FN:4,(anonymous_0)
FN:119,(anonymous_1)
FNF:2
FNH:0
FNDA:0,(anonymous_0)
FNDA:0,(anonymous_1)
DA:1,0
DA:2,0
DA:4,0
DA:5,0
DA:119,0
LF:5
LH:0
BRF:0
BRH:0
end_of_record
TN:
SF:src/pages/CookingTips.tsx
FN:4,(anonymous_0)
FN:21,(anonymous_1)
FNF:2
FNH:0
FNDA:0,(anonymous_0)
FNDA:0,(anonymous_1)
DA:1,0
DA:2,0
DA:4,0
DA:5,0
DA:7,0
DA:22,0
LF:6
LH:0
BRDA:29,0,0,0
BRDA:29,0,1,0
BRDA:31,1,0,0
BRDA:31,1,1,0
BRF:4
BRH:0
end_of_record
TN:
SF:src/pages/HomePage.tsx
FN:7,(anonymous_0)
FN:11,(anonymous_1)
FNF:2
FNH:0
FNDA:0,(anonymous_0)
FNDA:0,(anonymous_1)
DA:1,0
DA:2,0
DA:4,0
DA:5,0
DA:7,0
DA:8,0
DA:9,0
DA:11,0
DA:12,0
DA:13,0
DA:14,0
DA:18,0
LF:12
LH:0
BRDA:13,0,0,0
BRDA:44,1,0,0
BRDA:44,1,1,0
BRF:3
BRH:0
end_of_record
TN:
SF:src/pages/IngredientDatabase.tsx
FN:7,(anonymous_0)
FN:23,(anonymous_1)
FN:27,(anonymous_2)
FN:33,(anonymous_3)
FN:62,(anonymous_4)
FN:74,(anonymous_5)
FN:80,(anonymous_6)
FN:97,(anonymous_7)
FN:101,(anonymous_8)
FN:148,(anonymous_9)
FN:152,(anonymous_10)
FN:193,(anonymous_11)
FN:203,(anonymous_12)
FNF:13
FNH:0
FNDA:0,(anonymous_0)
FNDA:0,(anonymous_1)
FNDA:0,(anonymous_2)
FNDA:0,(anonymous_3)
FNDA:0,(anonymous_4)
FNDA:0,(anonymous_5)
FNDA:0,(anonymous_6)
FNDA:0,(anonymous_7)
FNDA:0,(anonymous_8)
FNDA:0,(anonymous_9)
FNDA:0,(anonymous_10)
FNDA:0,(anonymous_11)
FNDA:0,(anonymous_12)
DA:1,0
DA:2,0
DA:3,0
DA:4,0
DA:7,0
DA:15,0
DA:17,0
DA:18,0
DA:19,0
DA:21,0
DA:23,0
DA:24,0
DA:27,0
DA:28,0
DA:30,0
DA:33,0
DA:34,0
DA:35,0
DA:36,0
DA:40,0
DA:42,0
DA:62,0
DA:75,0
DA:80,0
DA:98,0
DA:101,0
DA:149,0
DA:152,0
DA:194,0
DA:195,0
DA:204,0
LF:31
LH:0
BRDA:40,0,0,0
BRDA:40,0,1,0
BRDA:78,1,0,0
BRDA:78,1,1,0
BRDA:90,2,0,0
BRDA:90,2,1,0
BRDA:90,2,2,0
BRDA:95,3,0,0
BRDA:95,3,1,0
BRDA:115,4,0,0
BRDA:115,4,1,0
BRDA:117,5,0,0
BRDA:117,5,1,0
BRDA:142,6,0,0
BRDA:142,6,1,0
BRDA:142,6,2,0
BRDA:166,7,0,0
BRDA:166,7,1,0
BRDA:168,8,0,0
BRDA:168,8,1,0
BRDA:186,9,0,0
BRDA:186,9,1,0
BRDA:186,9,2,0
BRDA:217,10,0,0
BRDA:217,10,1,0
BRDA:219,11,0,0
BRDA:219,11,1,0
BRDA:237,12,0,0
BRDA:237,12,1,0
BRDA:237,12,2,0
BRF:30
BRH:0
end_of_record
TN:
SF:src/pages/RecipeConverter.tsx
FN:9,(anonymous_0)
FN:23,(anonymous_1)
FN:27,(anonymous_2)
FN:53,(anonymous_3)
FN:63,(anonymous_4)
FNF:5
FNH:0
FNDA:0,(anonymous_0)
FNDA:0,(anonymous_1)
FNDA:0,(anonymous_2)
FNDA:0,(anonymous_3)
FNDA:0,(anonymous_4)
DA:1,1
DA:2,1
DA:3,1
DA:4,1
DA:5,1
DA:6,1
DA:9,1
DA:19,0
DA:21,0
DA:23,0
DA:24,0
DA:27,0
DA:28,0
DA:31,0
DA:53,0
DA:63,0
LF:16
LH:7
BRDA:55,0,0,0
BRDA:55,0,1,0
BRDA:65,1,0,0
BRDA:65,1,1,0
BRDA:75,2,0,0
BRDA:75,2,1,0
BRDA:88,3,0,0
BRDA:88,3,1,0
BRDA:100,4,0,0
BRDA:100,4,1,0
BRDA:107,5,0,0
BRDA:107,5,1,0
BRF:12
BRH:0
end_of_record
TN:
SF:src/services/analysisEngine.ts
FN:14,(anonymous_0)
FN:20,(anonymous_1)
FN:22,(anonymous_2)
FN:24,(anonymous_3)
FN:30,(anonymous_4)
FN:31,(anonymous_5)
FN:46,(anonymous_6)
FN:62,(anonymous_7)
FN:81,(anonymous_8)
FN:88,(anonymous_9)
FN:98,(anonymous_10)
FN:100,(anonymous_11)
FN:101,(anonymous_12)
FN:102,(anonymous_13)
FN:109,(anonymous_14)
FN:111,(anonymous_15)
FN:112,(anonymous_16)
FN:113,(anonymous_17)
FN:120,(anonymous_18)
FN:137,(anonymous_19)
FN:153,(anonymous_20)
FN:198,(anonymous_21)
FN:201,(anonymous_22)
FN:222,(anonymous_23)
FN:225,(anonymous_24)
FN:237,(anonymous_25)
FN:242,(anonymous_26)
FN:251,(anonymous_27)
FN:253,(anonymous_28)
FN:254,(anonymous_29)
FN:255,(anonymous_30)
FN:260,(anonymous_31)
FN:267,(anonymous_32)
FN:270,(anonymous_33)
FNF:34
FNH:2
FNDA:35,(anonymous_0)
FNDA:35,(anonymous_1)
FNDA:0,(anonymous_2)
FNDA:0,(anonymous_3)
FNDA:0,(anonymous_4)
FNDA:0,(anonymous_5)
FNDA:0,(anonymous_6)
FNDA:0,(anonymous_7)
FNDA:0,(anonymous_8)
FNDA:0,(anonymous_9)
FNDA:0,(anonymous_10)
FNDA:0,(anonymous_11)
FNDA:0,(anonymous_12)
FNDA:0,(anonymous_13)
FNDA:0,(anonymous_14)
FNDA:0,(anonymous_15)
FNDA:0,(anonymous_16)
FNDA:0,(anonymous_17)
FNDA:0,(anonymous_18)
FNDA:0,(anonymous_19)
FNDA:0,(anonymous_20)
FNDA:0,(anonymous_21)
FNDA:0,(anonymous_22)
FNDA:0,(anonymous_23)
FNDA:0,(anonymous_24)
FNDA:0,(anonymous_25)
FNDA:0,(anonymous_26)
FNDA:0,(anonymous_27)
FNDA:0,(anonymous_28)
FNDA:0,(anonymous_29)
FNDA:0,(anonymous_30)
FNDA:0,(anonymous_31)
FNDA:0,(anonymous_32)
FNDA:0,(anonymous_33)
DA:2,6
DA:10,6
DA:11,35
DA:12,35
DA:15,35
DA:16,35
DA:17,35
DA:22,35
DA:23,0
DA:24,0
DA:25,0
DA:30,0
DA:31,0
DA:42,0
DA:47,0
DA:48,0
DA:49,0
DA:50,0
DA:52,0
DA:67,0
DA:68,0
DA:69,0
DA:71,0
DA:82,0
DA:87,0
DA:88,0
DA:89,0
DA:90,0
DA:91,0
DA:95,0
DA:99,0
DA:100,0
DA:101,0
DA:102,0
DA:110,0
DA:111,0
DA:112,0
DA:113,0
DA:121,0
DA:122,0
DA:123,0
DA:124,0
DA:126,0
DA:138,0
DA:139,0
DA:140,0
DA:142,0
DA:154,0
DA:157,0
DA:158,0
DA:162,0
DA:198,0
DA:203,0
DA:204,0
DA:210,0
DA:212,0
DA:217,0
DA:219,0
DA:223,0
DA:225,0
DA:226,0
DA:229,0
DA:230,0
DA:234,0
DA:240,0
DA:242,0
DA:243,0
DA:244,0
DA:246,0
DA:247,0
DA:248,0
DA:253,0
DA:254,0
DA:255,0
DA:257,0
DA:264,0
DA:267,0
DA:270,0
DA:273,0
LF:79
LH:8
BRDA:122,0,0,0
BRDA:122,0,1,0
BRDA:123,1,0,0
BRDA:123,1,1,0
BRDA:138,2,0,0
BRDA:138,2,1,0
BRDA:139,3,0,0
BRDA:139,3,1,0
BRDA:157,4,0,0
BRDA:164,5,0,0
BRDA:164,5,1,0
BRDA:164,5,2,0
BRDA:164,5,3,0
BRDA:164,5,4,0
BRDA:164,5,5,0
BRDA:172,6,0,0
BRDA:172,6,1,0
BRDA:172,6,2,0
BRDA:172,6,3,0
BRDA:172,6,4,0
BRDA:178,7,0,0
BRDA:178,7,1,0
BRDA:178,7,2,0
BRDA:178,7,3,0
BRDA:183,8,0,0
BRDA:183,8,1,0
BRDA:183,8,2,0
BRDA:187,9,0,0
BRDA:187,9,1,0
BRDA:187,9,2,0
BRDA:191,10,0,0
BRDA:191,10,1,0
BRDA:204,11,0,0
BRDA:205,12,0,0
BRDA:205,12,1,0
BRDA:205,12,2,0
BRDA:205,12,3,0
BRDA:212,13,0,0
BRDA:213,14,0,0
BRDA:213,14,1,0
BRDA:213,14,2,0
BRDA:229,15,0,0
BRDA:240,16,0,0
BRDA:246,17,0,0
BRDA:247,18,0,0
BRDA:264,19,0,0
BRF:46
BRH:0
end_of_record
TN:
SF:src/services/exportService.ts
FN:4,(anonymous_0)
FN:13,(anonymous_1)
FN:23,(anonymous_2)
FN:29,(anonymous_3)
FN:40,(anonymous_4)
FN:67,(anonymous_5)
FNF:6
FNH:0
FNDA:0,(anonymous_0)
FNDA:0,(anonymous_1)
FNDA:0,(anonymous_2)
FNDA:0,(anonymous_3)
FNDA:0,(anonymous_4)
FNDA:0,(anonymous_5)
DA:3,4
DA:5,0
DA:7,0
DA:8,0
DA:9,0
DA:10,0
DA:12,0
DA:13,0
DA:14,0
DA:15,0
DA:16,0
DA:18,0
DA:22,0
DA:23,0
DA:24,0
DA:27,0
DA:28,0
DA:29,0
DA:30,0
DA:31,0
DA:35,0
DA:37,0
DA:43,0
DA:44,0
DA:45,0
DA:46,0
DA:62,0
DA:63,0
DA:68,0
DA:69,0
LF:30
LH:1
BRDA:15,0,0,0
BRDA:15,0,1,0
BRDA:27,1,0,0
BRDA:45,2,0,0
BRF:4
BRH:0
end_of_record
TN:
SF:src/services/ingredientDatabase.ts
FN:211,(anonymous_0)
FN:215,(anonymous_1)
FN:218,(anonymous_2)
FN:221,(anonymous_3)
FN:229,(anonymous_4)
FN:242,(anonymous_5)
FN:247,(anonymous_6)
FN:249,(anonymous_7)
FN:265,(anonymous_8)
FN:269,(anonymous_9)
FN:273,(anonymous_10)
FNF:11
FNH:11
FNDA:8,(anonymous_0)
FNDA:3,(anonymous_1)
FNDA:12,(anonymous_2)
FNDA:29,(anonymous_3)
FNDA:8,(anonymous_4)
FNDA:2,(anonymous_5)
FNDA:20,(anonymous_6)
FNDA:7,(anonymous_7)
FNDA:1,(anonymous_8)
FNDA:2,(anonymous_9)
FNDA:3,(anonymous_10)
DA:4,4
DA:208,4
DA:209,8
DA:212,8
DA:216,3
DA:217,3
DA:219,12
DA:222,29
DA:227,3
DA:229,8
DA:243,2
DA:244,2
DA:247,2
DA:248,20
DA:249,3
DA:250,7
DA:262,2
DA:266,1
DA:270,2
DA:274,3
LF:20
LH:20
BRDA:219,0,0,12
BRDA:219,0,1,12
BRDA:219,0,2,11
BRDA:222,1,0,29
BRDA:222,1,1,28
BRDA:227,2,0,1
BRDA:248,3,0,3
BRDA:270,4,0,2
BRDA:270,4,1,1
BRF:9
BRH:9
end_of_record
TN:
SF:src/services/recipeConverter.ts
FN:11,(anonymous_0)
FN:66,(anonymous_1)
FN:76,(anonymous_2)
FN:97,(anonymous_3)
FN:102,(anonymous_4)
FN:111,(anonymous_5)
FN:119,(anonymous_6)
FN:129,(anonymous_7)
FN:155,(anonymous_8)
FN:156,(anonymous_9)
FN:178,(anonymous_10)
FN:181,(anonymous_11)
FNF:12
FNH:0
FNDA:0,(anonymous_0)
FNDA:0,(anonymous_1)
FNDA:0,(anonymous_2)
FNDA:0,(anonymous_3)
FNDA:0,(anonymous_4)
FNDA:0,(anonymous_5)
FNDA:0,(anonymous_6)
FNDA:0,(anonymous_7)
FNDA:0,(anonymous_8)
FNDA:0,(anonymous_9)
FNDA:0,(anonymous_10)
FNDA:0,(anonymous_11)
DA:7,4
DA:18,0
DA:19,0
DA:21,0
DA:22,0
DA:24,0
DA:27,0
DA:29,0
DA:30,0
DA:39,0
DA:42,0
DA:47,0
DA:52,0
DA:57,0
DA:70,0
DA:73,0
DA:74,0
DA:76,0
DA:82,0
DA:91,0
DA:102,0
DA:103,0
DA:106,0
DA:107,0
DA:111,0
DA:112,0
DA:123,0
DA:145,0
DA:150,0
DA:155,0
DA:156,0
DA:157,0
DA:160,0
DA:162,0
DA:179,0
DA:181,0
DA:182,0
DA:183,0
DA:185,0
DA:186,0
DA:187,0
LF:41
LH:1
BRDA:22,0,0,0
BRDA:22,0,1,0
BRDA:29,1,0,0
BRDA:29,1,1,0
BRDA:43,2,0,0
BRDA:43,2,1,0
BRDA:73,3,0,0
BRDA:106,4,0,0
BRDA:112,5,0,0
BRDA:112,5,1,0
BRDA:157,6,0,0
BRDA:157,6,1,0
BRDA:157,6,2,0
BRDA:179,7,0,0
BRDA:185,8,0,0
BRDA:186,9,0,0
BRF:16
BRH:0
end_of_record
TN:
SF:src/types/index.ts
FNF:0
FNH:0
DA:1,0
LF:1
LH:0
BRF:0
BRH:0
end_of_record
TN:
SF:src/utils/idGenerator.ts
FN:1,(anonymous_0)
FNF:1
FNH:1
FNDA:5,(anonymous_0)
DA:1,3
DA:2,5
LF:2
LH:2
BRDA:1,0,0,1
BRF:1
BRH:1
end_of_record
TN:
SF:src/utils/testUtils.tsx
FN:7,(anonymous_4)
FN:17,(anonymous_5)
FNF:2
FNH:2
FNDA:42,(anonymous_4)
FNDA:21,(anonymous_5)
DA:1,3
DA:2,3
DA:3,3
DA:4,3
DA:5,3
DA:7,3
DA:8,42
DA:17,3
DA:20,21
DA:22,3
DA:23,3
LF:11
LH:11
BRF:0
BRH:0
end_of_record
