TN:
SF:src/App.tsx
FN:11,(anonymous_0)
FN:11,(anonymous_1)
FN:11,(anonymous_2)
FN:12,(anonymous_3)
FN:12,(anonymous_4)
FN:12,(anonymous_5)
FN:13,(anonymous_6)
FN:13,(anonymous_7)
FN:13,(anonymous_8)
FN:14,(anonymous_9)
FN:14,(anonymous_10)
FN:14,(anonymous_11)
FN:15,(anonymous_12)
FN:15,(anonymous_13)
FN:15,(anonymous_14)
FN:17,(anonymous_15)
FNF:16
FNH:0
FNDA:0,(anonymous_0)
FNDA:0,(anonymous_1)
FNDA:0,(anonymous_2)
FNDA:0,(anonymous_3)
FNDA:0,(anonymous_4)
FNDA:0,(anonymous_5)
FNDA:0,(anonymous_6)
FNDA:0,(anonymous_7)
FNDA:0,(anonymous_8)
FNDA:0,(anonymous_9)
FNDA:0,(anonymous_10)
FNDA:0,(anonymous_11)
FNDA:0,(anonymous_12)
FNDA:0,(anonymous_13)
FNDA:0,(anonymous_14)
FNDA:0,(anonymous_15)
DA:1,0
DA:2,0
DA:3,0
DA:4,0
DA:5,0
DA:6,0
DA:7,0
DA:8,0
DA:11,0
DA:12,0
DA:13,0
DA:14,0
DA:15,0
DA:17,0
DA:18,0
DA:52,0
LF:16
LH:0
BRF:0
BRH:0
end_of_record
TN:
SF:src/components/layout/Footer.tsx
FN:4,(anonymous_0)
FNF:1
FNH:0
FNDA:0,(anonymous_0)
DA:1,0
DA:2,0
DA:4,0
DA:5,0
LF:4
LH:0
BRF:0
BRH:0
end_of_record
TN:
SF:src/components/layout/Header.tsx
FN:7,(anonymous_0)
FN:19,(anonymous_1)
FN:39,(anonymous_2)
FN:59,(anonymous_3)
FN:70,(anonymous_4)
FN:79,(anonymous_5)
FNF:6
FNH:0
FNDA:0,(anonymous_0)
FNDA:0,(anonymous_1)
FNDA:0,(anonymous_2)
FNDA:0,(anonymous_3)
FNDA:0,(anonymous_4)
FNDA:0,(anonymous_5)
DA:1,0
DA:2,0
DA:3,0
DA:4,0
DA:5,0
DA:7,0
DA:8,0
DA:9,0
DA:11,0
DA:19,0
DA:20,0
DA:23,0
DA:40,0
DA:59,0
DA:71,0
DA:79,0
LF:16
LH:0
BRDA:44,0,0,0
BRDA:44,0,1,0
BRDA:61,1,0,0
BRDA:61,1,1,0
BRDA:67,2,0,0
BRDA:67,2,1,0
BRDA:75,3,0,0
BRDA:75,3,1,0
BRF:8
BRH:0
end_of_record
TN:
SF:src/components/recipe/AnalysisResults.tsx
FN:13,(anonymous_0)
FN:39,(anonymous_1)
FN:53,(anonymous_2)
FN:63,(anonymous_3)
FN:69,(anonymous_4)
FN:75,(anonymous_5)
FN:81,(anonymous_6)
FNF:7
FNH:0
FNDA:0,(anonymous_0)
FNDA:0,(anonymous_1)
FNDA:0,(anonymous_2)
FNDA:0,(anonymous_3)
FNDA:0,(anonymous_4)
FNDA:0,(anonymous_5)
FNDA:0,(anonymous_6)
DA:1,2
DA:3,2
DA:4,2
DA:13,2
DA:19,0
DA:20,0
DA:32,0
DA:40,0
DA:54,0
DA:63,0
DA:69,0
DA:75,0
DA:81,0
LF:13
LH:4
BRDA:19,0,0,0
BRF:1
BRH:0
end_of_record
TN:
SF:src/components/recipe/RecipeInput.tsx
FN:13,(anonymous_0)
FN:22,(anonymous_1)
FN:40,(anonymous_2)
FNF:3
FNH:0
FNDA:0,(anonymous_0)
FNDA:0,(anonymous_1)
FNDA:0,(anonymous_2)
DA:1,2
DA:2,2
DA:3,2
DA:4,2
DA:13,2
DA:19,0
DA:20,0
DA:22,0
DA:23,0
DA:24,0
DA:25,0
DA:26,0
DA:28,0
DA:29,0
DA:30,0
DA:32,0
DA:33,0
DA:36,0
DA:40,0
LF:19
LH:5
BRDA:16,0,0,0
BRDA:17,1,0,0
BRDA:24,2,0,0
BRDA:28,3,0,0
BRDA:45,4,0,0
BRDA:45,4,1,0
BRDA:54,5,0,0
BRDA:54,5,1,0
BRDA:57,6,0,0
BRDA:57,6,1,0
BRF:10
BRH:0
end_of_record
TN:
SF:src/components/recipe/SubstitutionCard.tsx
FN:9,(anonymous_0)
FNF:1
FNH:0
FNDA:0,(anonymous_0)
DA:1,2
DA:3,2
DA:9,2
DA:12,0
DA:18,0
LF:5
LH:3
BRDA:41,0,0,0
BRDA:41,0,1,0
BRF:2
BRH:0
end_of_record
TN:
SF:src/components/ui/Button.tsx
FN:10,(anonymous_0)
FNF:1
FNH:0
FNDA:0,(anonymous_0)
DA:1,3
DA:2,3
DA:10,3
DA:17,0
DA:19,0
DA:26,0
DA:32,0
LF:7
LH:3
BRDA:11,0,0,0
BRDA:12,1,0,0
BRF:2
BRH:0
end_of_record
TN:
SF:src/components/ui/Input.tsx
FN:11,(anonymous_0)
FN:19,(anonymous_1)
FNF:2
FNH:0
FNDA:0,(anonymous_0)
FNDA:0,(anonymous_1)
DA:1,0
DA:2,0
DA:3,0
DA:11,0
DA:19,0
DA:21,0
LF:6
LH:0
BRDA:19,0,0,0
BRDA:19,0,1,0
BRDA:23,1,0,0
BRDA:23,1,1,0
BRDA:32,2,0,0
BRDA:32,2,1,0
BRDA:37,3,0,0
BRDA:37,3,1,0
BRDA:40,4,0,0
BRDA:40,4,1,0
BRDA:40,4,2,0
BRF:11
BRH:0
end_of_record
TN:
SF:src/components/ui/LoadingSpinner.tsx
FN:9,(anonymous_0)
FNF:1
FNH:0
FNDA:0,(anonymous_0)
DA:1,2
DA:2,2
DA:9,2
DA:13,0
DA:19,0
LF:5
LH:3
BRDA:10,0,0,0
BRF:1
BRH:0
end_of_record
TN:
SF:src/components/ui/TextArea.tsx
FN:11,(anonymous_0)
FN:19,(anonymous_1)
FNF:2
FNH:0
FNDA:0,(anonymous_0)
FNDA:0,(anonymous_1)
DA:1,2
DA:2,2
DA:3,2
DA:11,2
DA:19,0
DA:21,0
LF:6
LH:4
BRDA:19,0,0,0
BRDA:19,0,1,0
BRDA:23,1,0,0
BRDA:23,1,1,0
BRDA:32,2,0,0
BRDA:32,2,1,0
BRDA:37,3,0,0
BRDA:37,3,1,0
BRDA:40,4,0,0
BRDA:40,4,1,0
BRDA:40,4,2,0
BRF:11
BRH:0
end_of_record
TN:
SF:src/contexts/IngredientContext.tsx
FN:26,(anonymous_0)
FN:38,(anonymous_1)
FN:47,(anonymous_2)
FN:50,(anonymous_3)
FN:64,(anonymous_4)
FN:70,(anonymous_5)
FN:75,(anonymous_6)
FNF:7
FNH:0
FNDA:0,(anonymous_0)
FNDA:0,(anonymous_1)
FNDA:0,(anonymous_2)
FNDA:0,(anonymous_3)
FNDA:0,(anonymous_4)
FNDA:0,(anonymous_5)
FNDA:0,(anonymous_6)
DA:1,3
DA:10,3
DA:22,3
DA:26,3
DA:27,0
DA:28,0
DA:29,0
DA:31,0
DA:38,3
DA:41,0
DA:42,0
DA:45,0
DA:47,0
DA:49,0
DA:51,0
DA:52,0
DA:53,0
DA:54,0
DA:57,0
DA:58,0
DA:63,0
DA:65,0
DA:70,0
DA:71,0
DA:74,0
DA:76,0
DA:81,0
DA:91,0
LF:28
LH:5
BRDA:28,0,0,0
BRDA:52,1,0,0
BRF:2
BRH:0
end_of_record
TN:
SF:src/contexts/RecipeContext.tsx
FN:27,(anonymous_0)
FN:39,(anonymous_1)
FN:45,(anonymous_2)
FN:48,(anonymous_3)
FN:89,(anonymous_4)
FN:92,(anonymous_5)
FN:103,(anonymous_6)
FN:104,(anonymous_7)
FN:113,(anonymous_8)
FN:130,(anonymous_9)
FN:139,(anonymous_10)
FNF:11
FNH:2
FNDA:0,(anonymous_0)
FNDA:24,(anonymous_1)
FNDA:24,(anonymous_2)
FNDA:0,(anonymous_3)
FNDA:0,(anonymous_4)
FNDA:0,(anonymous_5)
FNDA:0,(anonymous_6)
FNDA:0,(anonymous_7)
FNDA:0,(anonymous_8)
FNDA:0,(anonymous_9)
FNDA:0,(anonymous_10)
DA:1,4
DA:10,4
DA:11,4
DA:25,4
DA:27,4
DA:28,0
DA:29,0
DA:30,0
DA:32,0
DA:39,4
DA:40,24
DA:41,24
DA:42,24
DA:43,24
DA:45,24
DA:47,0
DA:49,0
DA:50,0
DA:52,0
DA:53,0
DA:55,0
DA:56,0
DA:57,0
DA:58,0
DA:62,0
DA:77,0
DA:79,0
DA:80,0
DA:82,0
DA:88,0
DA:90,0
DA:92,0
DA:94,0
DA:97,0
DA:102,0
DA:104,0
DA:105,0
DA:108,0
DA:113,0
DA:114,0
DA:115,0
DA:116,0
DA:117,0
DA:118,0
DA:119,0
DA:120,0
DA:121,0
DA:122,0
DA:123,0
DA:124,0
DA:125,0
DA:126,0
DA:130,0
DA:131,0
DA:132,0
DA:134,0
DA:139,0
DA:140,0
DA:141,0
DA:142,0
DA:143,0
DA:144,0
DA:146,0
DA:151,0
DA:163,0
LF:65
LH:11
BRDA:29,0,0,0
BRDA:55,1,0,0
BRDA:114,2,0,0
BRDA:114,2,1,0
BRDA:125,3,0,0
BRDA:141,4,0,0
BRF:6
BRH:0
end_of_record
TN:
SF:src/contexts/UIContext.tsx
FN:20,(anonymous_0)
FN:32,(anonymous_1)
FN:37,(anonymous_2)
FN:42,(anonymous_3)
FN:43,(anonymous_4)
FN:46,(anonymous_5)
FN:51,(anonymous_6)
FNF:7
FNH:1
FNDA:0,(anonymous_0)
FNDA:84,(anonymous_1)
FNDA:0,(anonymous_2)
FNDA:0,(anonymous_3)
FNDA:0,(anonymous_4)
FNDA:0,(anonymous_5)
FNDA:0,(anonymous_6)
DA:1,3
DA:18,3
DA:20,3
DA:21,0
DA:22,0
DA:23,0
DA:25,0
DA:32,3
DA:33,84
DA:34,84
DA:35,84
DA:37,84
DA:38,0
DA:39,0
DA:42,84
DA:43,0
DA:46,84
DA:47,0
DA:51,84
DA:52,0
DA:53,0
DA:54,0
DA:58,0
DA:67,0
LF:24
LH:11
BRDA:22,0,0,0
BRDA:53,1,0,0
BRF:2
BRH:0
end_of_record
TN:
SF:src/pages/About.tsx
FN:4,(anonymous_0)
FN:119,(anonymous_1)
FNF:2
FNH:0
FNDA:0,(anonymous_0)
FNDA:0,(anonymous_1)
DA:1,0
DA:2,0
DA:4,0
DA:5,0
DA:119,0
LF:5
LH:0
BRF:0
BRH:0
end_of_record
TN:
SF:src/pages/CookingTips.tsx
FN:4,(anonymous_0)
FN:21,(anonymous_1)
FNF:2
FNH:0
FNDA:0,(anonymous_0)
FNDA:0,(anonymous_1)
DA:1,0
DA:2,0
DA:4,0
DA:5,0
DA:7,0
DA:22,0
LF:6
LH:0
BRDA:29,0,0,0
BRDA:29,0,1,0
BRDA:31,1,0,0
BRDA:31,1,1,0
BRF:4
BRH:0
end_of_record
TN:
SF:src/pages/HomePage.tsx
FN:7,(anonymous_0)
FN:11,(anonymous_1)
FNF:2
FNH:0
FNDA:0,(anonymous_0)
FNDA:0,(anonymous_1)
DA:1,0
DA:2,0
DA:4,0
DA:5,0
DA:7,0
DA:8,0
DA:9,0
DA:11,0
DA:12,0
DA:13,0
DA:14,0
DA:18,0
LF:12
LH:0
BRDA:13,0,0,0
BRDA:44,1,0,0
BRDA:44,1,1,0
BRF:3
BRH:0
end_of_record
TN:
SF:src/pages/IngredientDatabase.tsx
FN:6,(anonymous_0)
FN:19,(anonymous_1)
FN:23,(anonymous_2)
FN:50,(anonymous_3)
FN:62,(anonymous_4)
FN:68,(anonymous_5)
FN:84,(anonymous_6)
FNF:7
FNH:0
FNDA:0,(anonymous_0)
FNDA:0,(anonymous_1)
FNDA:0,(anonymous_2)
FNDA:0,(anonymous_3)
FNDA:0,(anonymous_4)
FNDA:0,(anonymous_5)
FNDA:0,(anonymous_6)
DA:1,0
DA:2,0
DA:3,0
DA:4,0
DA:6,0
DA:13,0
DA:15,0
DA:17,0
DA:19,0
DA:20,0
DA:23,0
DA:24,0
DA:25,0
DA:27,0
DA:30,0
DA:50,0
DA:63,0
DA:68,0
DA:85,0
LF:19
LH:0
BRDA:66,0,0,0
BRDA:66,0,1,0
BRDA:78,1,0,0
BRDA:78,1,1,0
BRDA:101,2,0,0
BRDA:101,2,1,0
BRDA:103,3,0,0
BRDA:103,3,1,0
BRDA:121,4,0,0
BRDA:121,4,1,0
BRDA:121,4,2,0
BRF:11
BRH:0
end_of_record
TN:
SF:src/pages/RecipeConverter.tsx
FN:8,(anonymous_0)
FN:19,(anonymous_1)
FNF:2
FNH:0
FNDA:0,(anonymous_0)
FNDA:0,(anonymous_1)
DA:1,1
DA:2,1
DA:3,1
DA:4,1
DA:5,1
DA:8,1
DA:17,0
DA:19,0
DA:20,0
DA:23,0
LF:10
LH:6
BRDA:47,0,0,0
BRDA:47,0,1,0
BRDA:59,1,0,0
BRDA:59,1,1,0
BRDA:66,2,0,0
BRDA:66,2,1,0
BRF:6
BRH:0
end_of_record
TN:
SF:src/services/analysisEngine.ts
FN:8,(anonymous_0)
FN:14,(anonymous_1)
FN:16,(anonymous_2)
FN:18,(anonymous_3)
FN:24,(anonymous_4)
FN:25,(anonymous_5)
FN:40,(anonymous_6)
FN:56,(anonymous_7)
FN:63,(anonymous_8)
FN:73,(anonymous_9)
FN:75,(anonymous_10)
FN:76,(anonymous_11)
FN:77,(anonymous_12)
FN:84,(anonymous_13)
FN:101,(anonymous_14)
FN:105,(anonymous_15)
FN:126,(anonymous_16)
FN:129,(anonymous_17)
FN:141,(anonymous_18)
FN:146,(anonymous_19)
FN:155,(anonymous_20)
FN:157,(anonymous_21)
FN:158,(anonymous_22)
FN:159,(anonymous_23)
FN:164,(anonymous_24)
FN:171,(anonymous_25)
FN:174,(anonymous_26)
FNF:27
FNH:2
FNDA:35,(anonymous_0)
FNDA:35,(anonymous_1)
FNDA:0,(anonymous_2)
FNDA:0,(anonymous_3)
FNDA:0,(anonymous_4)
FNDA:0,(anonymous_5)
FNDA:0,(anonymous_6)
FNDA:0,(anonymous_7)
FNDA:0,(anonymous_8)
FNDA:0,(anonymous_9)
FNDA:0,(anonymous_10)
FNDA:0,(anonymous_11)
FNDA:0,(anonymous_12)
FNDA:0,(anonymous_13)
FNDA:0,(anonymous_14)
FNDA:0,(anonymous_15)
FNDA:0,(anonymous_16)
FNDA:0,(anonymous_17)
FNDA:0,(anonymous_18)
FNDA:0,(anonymous_19)
FNDA:0,(anonymous_20)
FNDA:0,(anonymous_21)
FNDA:0,(anonymous_22)
FNDA:0,(anonymous_23)
FNDA:0,(anonymous_24)
FNDA:0,(anonymous_25)
FNDA:0,(anonymous_26)
DA:2,6
DA:4,6
DA:5,35
DA:6,35
DA:9,35
DA:10,35
DA:11,35
DA:16,35
DA:17,0
DA:18,0
DA:19,0
DA:24,0
DA:25,0
DA:36,0
DA:41,0
DA:42,0
DA:43,0
DA:44,0
DA:46,0
DA:57,0
DA:62,0
DA:63,0
DA:64,0
DA:65,0
DA:66,0
DA:70,0
DA:74,0
DA:75,0
DA:76,0
DA:77,0
DA:85,0
DA:86,0
DA:87,0
DA:88,0
DA:90,0
DA:102,0
DA:107,0
DA:108,0
DA:114,0
DA:116,0
DA:121,0
DA:123,0
DA:127,0
DA:129,0
DA:130,0
DA:133,0
DA:134,0
DA:138,0
DA:144,0
DA:146,0
DA:147,0
DA:148,0
DA:150,0
DA:151,0
DA:152,0
DA:157,0
DA:158,0
DA:159,0
DA:161,0
DA:168,0
DA:171,0
DA:174,0
DA:177,0
LF:63
LH:8
BRDA:86,0,0,0
BRDA:86,0,1,0
BRDA:87,1,0,0
BRDA:87,1,1,0
BRDA:108,2,0,0
BRDA:109,3,0,0
BRDA:109,3,1,0
BRDA:109,3,2,0
BRDA:109,3,3,0
BRDA:116,4,0,0
BRDA:117,5,0,0
BRDA:117,5,1,0
BRDA:117,5,2,0
BRDA:133,6,0,0
BRDA:144,7,0,0
BRDA:150,8,0,0
BRDA:151,9,0,0
BRDA:168,10,0,0
BRF:18
BRH:0
end_of_record
TN:
SF:src/services/exportService.ts
FN:4,(anonymous_0)
FN:13,(anonymous_1)
FN:23,(anonymous_2)
FN:29,(anonymous_3)
FN:40,(anonymous_4)
FN:67,(anonymous_5)
FNF:6
FNH:0
FNDA:0,(anonymous_0)
FNDA:0,(anonymous_1)
FNDA:0,(anonymous_2)
FNDA:0,(anonymous_3)
FNDA:0,(anonymous_4)
FNDA:0,(anonymous_5)
DA:3,4
DA:5,0
DA:7,0
DA:8,0
DA:9,0
DA:10,0
DA:12,0
DA:13,0
DA:14,0
DA:15,0
DA:16,0
DA:18,0
DA:22,0
DA:23,0
DA:24,0
DA:27,0
DA:28,0
DA:29,0
DA:30,0
DA:31,0
DA:35,0
DA:37,0
DA:43,0
DA:44,0
DA:45,0
DA:46,0
DA:62,0
DA:63,0
DA:68,0
DA:69,0
LF:30
LH:1
BRDA:15,0,0,0
BRDA:15,0,1,0
BRDA:27,1,0,0
BRDA:45,2,0,0
BRF:4
BRH:0
end_of_record
TN:
SF:src/services/ingredientDatabase.ts
FN:7,(anonymous_0)
FN:11,(anonymous_1)
FN:14,(anonymous_2)
FN:16,(anonymous_3)
FN:21,(anonymous_4)
FN:34,(anonymous_5)
FN:39,(anonymous_6)
FN:41,(anonymous_7)
FN:57,(anonymous_8)
FN:61,(anonymous_9)
FN:65,(anonymous_10)
FNF:11
FNH:6
FNDA:8,(anonymous_0)
FNDA:3,(anonymous_1)
FNDA:0,(anonymous_2)
FNDA:0,(anonymous_3)
FNDA:0,(anonymous_4)
FNDA:2,(anonymous_5)
FNDA:0,(anonymous_6)
FNDA:0,(anonymous_7)
FNDA:1,(anonymous_8)
FNDA:2,(anonymous_9)
FNDA:3,(anonymous_10)
DA:2,5
DA:4,5
DA:5,8
DA:8,8
DA:12,3
DA:13,3
DA:15,0
DA:16,0
DA:19,0
DA:21,0
DA:35,2
DA:36,2
DA:39,2
DA:40,0
DA:41,0
DA:42,0
DA:54,0
DA:58,1
DA:62,2
DA:66,3
LF:20
LH:12
BRDA:15,0,0,0
BRDA:15,0,1,0
BRDA:19,1,0,0
BRDA:40,2,0,0
BRDA:62,3,0,2
BRDA:62,3,1,0
BRF:6
BRH:1
end_of_record
TN:
SF:src/types/index.ts
FNF:0
FNH:0
DA:1,0
LF:1
LH:0
BRF:0
BRH:0
end_of_record
TN:
SF:src/utils/idGenerator.ts
FN:1,(anonymous_0)
FNF:1
FNH:1
FNDA:5,(anonymous_0)
DA:1,3
DA:2,5
LF:2
LH:2
BRDA:1,0,0,1
BRF:1
BRH:1
end_of_record
TN:
SF:src/utils/testUtils.tsx
FN:7,(anonymous_4)
FN:17,(anonymous_5)
FNF:2
FNH:2
FNDA:42,(anonymous_4)
FNDA:21,(anonymous_5)
DA:1,3
DA:2,3
DA:3,3
DA:4,3
DA:5,3
DA:7,3
DA:8,42
DA:17,3
DA:20,21
DA:22,3
DA:23,3
LF:11
LH:11
BRF:0
BRH:0
end_of_record
